Using pre-set license
Built from '2021.1/staging' branch; Version is '2021.1.18f1 (25bdc3efbc2d) revision 2473411'; Using compiler version '192528614'; Build Type 'Release'
OS: 'Windows 10 Education; OS build 19042.1645; Version 2009; 64bit' Language: 'en' Physical Memory: 8024 MB
BatchMode: 1, IsHumanControllingUs: 0, StartBugReporterOnCrash: 0, Is64bit: 1, IsPro: 0

COMMAND LINE ARGUMENTS:
C:\Program Files\Unity\Hub\Editor\2021.1.18f1\Editor\Unity.exe
-adb2
-batchMode
-noUpm
-name
AssetImportWorker0
-projectPath
C:/temp/unity projects/FMP/Frank's Toy Store
-logFile
Logs/AssetImportWorker0.log
-srvPort
52362
Successfully changed project path to: C:/temp/unity projects/FMP/Frank's Toy Store
C:/temp/unity projects/FMP/Frank's Toy Store
Using Asset Import Pipeline V2.
Refreshing native plugins compatible for Editor in 120.29 ms, found 3 plugins.
Preloading 0 native plugins for Editor in 0.00 ms.
Initialize engine version: 2021.1.18f1 (25bdc3efbc2d)
[Subsystems] Discovering subsystems at path C:/Program Files/Unity/Hub/Editor/2021.1.18f1/Editor/Data/Resources/UnitySubsystems
[Subsystems] Discovering subsystems at path C:/temp/unity projects/FMP/Frank's Toy Store/Assets
GfxDevice: creating device client; threaded=0; jobified=0
Direct3D:
    Version:  Direct3D 11.0 [level 11.1]
    Renderer: Intel(R) UHD Graphics 630 (ID=0x3e91)
    Vendor:   Intel
    VRAM:     4012 MB
    Driver:   27.20.100.9415
Initialize mono
Mono path[0] = 'C:/Program Files/Unity/Hub/Editor/2021.1.18f1/Editor/Data/Managed'
Mono path[1] = 'C:/Program Files/Unity/Hub/Editor/2021.1.18f1/Editor/Data/MonoBleedingEdge/lib/mono/unityjit'
Mono config path = 'C:/Program Files/Unity/Hub/Editor/2021.1.18f1/Editor/Data/MonoBleedingEdge/etc'
Using monoOptions --debugger-agent=transport=dt_socket,embedding=1,server=y,suspend=n,address=127.0.0.1:56948
Begin MonoManager ReloadAssembly
Registering precompiled unity dll's ...
Register platform support module: C:/Program Files/Unity/Hub/Editor/2021.1.18f1/Editor/Data/PlaybackEngines/WindowsStandaloneSupport/UnityEditor.WindowsStandalone.Extensions.dll
Registered in 0.005976 seconds.
Native extension for WindowsStandalone target not found
Refreshing native plugins compatible for Editor in 108.15 ms, found 3 plugins.
Preloading 0 native plugins for Editor in 0.00 ms.
Mono: successfully reloaded assembly
- Completed reload, in  6.579 seconds
Domain Reload Profiling:
	ReloadAssembly (6579ms)
		BeginReloadAssembly (161ms)
			ExecutionOrderSort (0ms)
			DisableScriptedObjects (0ms)
			BackupInstance (0ms)
			ReleaseScriptingObjects (0ms)
			CreateAndSetChildDomain (1ms)
		EndReloadAssembly (602ms)
			LoadAssemblies (159ms)
			RebuildTransferFunctionScriptingTraits (0ms)
			SetupTypeCache (212ms)
			ReleaseScriptCaches (0ms)
			RebuildScriptCaches (38ms)
			SetupLoadedEditorAssemblies (288ms)
				LogAssemblyErrors (0ms)
				InitializePlatformSupportModulesInManaged (8ms)
				SetLoadedEditorAssemblies (0ms)
				RefreshPlugins (108ms)
				BeforeProcessingInitializeOnLoad (2ms)
				ProcessInitializeOnLoadAttributes (127ms)
				ProcessInitializeOnLoadMethodAttributes (42ms)
				AfterProcessingInitializeOnLoad (0ms)
				EditorAssembliesLoaded (0ms)
			ExecutionOrderSort2 (0ms)
			AwakeInstancesAfterBackupRestoration (0ms)
Platform modules already initialized, skipping
Registering precompiled user dll's ...
Registered in 0.023142 seconds.
Begin MonoManager ReloadAssembly
Symbol file LoadedFromMemory doesn't match image C:\temp\unity projects\FMP\Frank's Toy Store\Library\PackageCache\com.unity.visualscripting@1.6.1\Editor\VisualScripting.Core\Dependencies\YamlDotNet\Unity.VisualScripting.YamlDotNet.dll
Symbol file LoadedFromMemory doesn't match image C:\temp\unity projects\FMP\Frank's Toy Store\Library\PackageCache\com.unity.visualscripting@1.6.1\Editor\VisualScripting.Core\Dependencies\DotNetZip\Unity.VisualScripting.IonicZip.dll
Native extension for WindowsStandalone target not found
Refreshing native plugins compatible for Editor in 1.01 ms, found 3 plugins.
Preloading 0 native plugins for Editor in 0.00 ms.
Mono: successfully reloaded assembly
- Completed reload, in  2.950 seconds
Domain Reload Profiling:
	ReloadAssembly (2951ms)
		BeginReloadAssembly (412ms)
			ExecutionOrderSort (0ms)
			DisableScriptedObjects (6ms)
			BackupInstance (0ms)
			ReleaseScriptingObjects (0ms)
			CreateAndSetChildDomain (50ms)
		EndReloadAssembly (2298ms)
			LoadAssemblies (457ms)
			RebuildTransferFunctionScriptingTraits (0ms)
			SetupTypeCache (960ms)
			ReleaseScriptCaches (1ms)
			RebuildScriptCaches (142ms)
			SetupLoadedEditorAssemblies (595ms)
				LogAssemblyErrors (0ms)
				InitializePlatformSupportModulesInManaged (15ms)
				SetLoadedEditorAssemblies (1ms)
				RefreshPlugins (1ms)
				BeforeProcessingInitializeOnLoad (106ms)
				ProcessInitializeOnLoadAttributes (458ms)
				ProcessInitializeOnLoadMethodAttributes (6ms)
				AfterProcessingInitializeOnLoad (8ms)
				EditorAssembliesLoaded (0ms)
			ExecutionOrderSort2 (0ms)
			AwakeInstancesAfterBackupRestoration (9ms)
Platform modules already initialized, skipping
========================================================================
Worker process is ready to serve import requests
Launched and connected shader compiler UnityShaderCompiler.exe after 0.22 seconds
Refreshing native plugins compatible for Editor in 1.00 ms, found 3 plugins.
Preloading 0 native plugins for Editor in 0.00 ms.
Unloading 2965 Unused Serialized files (Serialized files now loaded: 0)
System memory in use before: 108.4 MB.
System memory in use after: 108.6 MB.

Unloading 22 unused Assets to reduce memory usage. Loaded Objects now: 3410.
Total: 7.056700 ms (FindLiveObjects: 0.492500 ms CreateObjectMapping: 0.325600 ms MarkObjects: 6.137000 ms  DeleteObjects: 0.099300 ms)

AssetImportParameters requested are different than current active one (requested -> active):
  custom:framework-win-MediaFoundation: 216162199b28c13a410421893ffa2e32 -> 
  custom:video-decoder-ogg-theora: a1e56fd34408186e4bbccfd4996cb3dc -> 
  custom:container-muxer-webm: aa71ff27fc2769a1b78a27578f13a17b -> 
  custom:container-demuxer-webm: 4f35f7cbe854078d1ac9338744f61a02 -> 
  custom:container-demuxer-ogg: 62fdf1f143b41e24485cea50d1cbac27 -> 
  custom:video-encoder-webm-vp8: eb34c28f22e8b96e1ab97ce403110664 -> 
  custom:video-decoder-webm-vp8: 9c59270c3fd7afecdb556c50c9e8de78 -> 
  custom:audio-decoder-ogg-vorbis: bf7c407c2cedff20999df2af8eb42d56 -> 
  custom:audio-encoder-webm-vorbis: bf7c407c2cedff20999df2af8eb42d56 -> 
========================================================================
Received Import Request.
  path: Assets/3D Models/Robots/Helen/Helen.fbx
  artifactKey: Guid(de3a1e310d691b0449a2c1b8fed446ce) Importer(815301076,1909f56bfc062723c751e8b465ee728b)
Start importing Assets/3D Models/Robots/Helen/Helen.fbx using Guid(de3a1e310d691b0449a2c1b8fed446ce) Importer(815301076,1909f56bfc062723c751e8b465ee728b)  -> (artifact id: 'db1f4dcab3795936bb3d6a1a6fdf33f5') in 1.751995 seconds 
========================================================================
Received Import Request.
  Time since last request: 13.235283 seconds.
  path: Assets/3D Models/Robots/Helen/Helen.fbx
  artifactKey: Guid(de3a1e310d691b0449a2c1b8fed446ce) Importer(815301076,1909f56bfc062723c751e8b465ee728b)
Start importing Assets/3D Models/Robots/Helen/Helen.fbx using Guid(de3a1e310d691b0449a2c1b8fed446ce) Importer(815301076,1909f56bfc062723c751e8b465ee728b)  -> (artifact id: '952f703c6be76f3d1040e9683201f6bc') in 0.294768 seconds 
========================================================================
Received Import Request.
  Time since last request: 12.661830 seconds.
  path: Assets/Textures/AlarmTexture.png
  artifactKey: Guid(7dcec554cb485f34fa447c46d05aa6ba) Importer(815301076,1909f56bfc062723c751e8b465ee728b)
Start importing Assets/Textures/AlarmTexture.png using Guid(7dcec554cb485f34fa447c46d05aa6ba) Importer(815301076,1909f56bfc062723c751e8b465ee728b)  -> (artifact id: '0f58b9d6096c168a2827c83d8891d7b1') in 0.042770 seconds 
========================================================================
Received Import Request.
  Time since last request: 0.000361 seconds.
  path: Assets/Textures/KeyboardAndMouseTexture.png
  artifactKey: Guid(c4e341c1381398a4b852d34970ab1051) Importer(815301076,1909f56bfc062723c751e8b465ee728b)
Start importing Assets/Textures/KeyboardAndMouseTexture.png using Guid(c4e341c1381398a4b852d34970ab1051) Importer(815301076,1909f56bfc062723c751e8b465ee728b)  -> (artifact id: 'aa75056cac4b3624910774f7fb0de3bf') in 0.039245 seconds 
========================================================================
Received Import Request.
  Time since last request: 0.001209 seconds.
  path: Assets/Textures/TableTexture.png
  artifactKey: Guid(724138788e082da449d78c4fb6705d65) Importer(815301076,1909f56bfc062723c751e8b465ee728b)
Start importing Assets/Textures/TableTexture.png using Guid(724138788e082da449d78c4fb6705d65) Importer(815301076,1909f56bfc062723c751e8b465ee728b)  -> (artifact id: '0d8d28947fb2b96b5339c626c0d7b11a') in 0.029832 seconds 
========================================================================
Received Import Request.
  Time since last request: 0.000369 seconds.
  path: Assets/Textures/Shelves Diffuse.png
  artifactKey: Guid(37f5f6fb8454d6e44a78b01b7f5293f1) Importer(815301076,1909f56bfc062723c751e8b465ee728b)
Start importing Assets/Textures/Shelves Diffuse.png using Guid(37f5f6fb8454d6e44a78b01b7f5293f1) Importer(815301076,1909f56bfc062723c751e8b465ee728b)  -> (artifact id: '46f97f5a999ae00237aaaa3f6956e264') in 0.032286 seconds 
========================================================================
Received Import Request.
  Time since last request: 0.000490 seconds.
  path: Assets/Textures/ComputerTexture.png
  artifactKey: Guid(fa20953285da89142b1d66858e4a2a4c) Importer(815301076,1909f56bfc062723c751e8b465ee728b)
Start importing Assets/Textures/ComputerTexture.png using Guid(fa20953285da89142b1d66858e4a2a4c) Importer(815301076,1909f56bfc062723c751e8b465ee728b)  -> (artifact id: 'f195007bbd70cb71a2b3e34660228dfc') in 0.034748 seconds 
========================================================================
Received Import Request.
  Time since last request: 0.000865 seconds.
  path: Assets/Textures/WindowTexture.png
  artifactKey: Guid(e1014ac597344924393024deb5710df4) Importer(815301076,1909f56bfc062723c751e8b465ee728b)
Start importing Assets/Textures/WindowTexture.png using Guid(e1014ac597344924393024deb5710df4) Importer(815301076,1909f56bfc062723c751e8b465ee728b)  -> (artifact id: '5647b6dd702a062678bcf027ae444f92') in 0.038234 seconds 
========================================================================
Received Import Request.
  Time since last request: 0.000542 seconds.
  path: Assets/Textures/Building Texture.png
  artifactKey: Guid(b62dc004ef7a3244da7bcf34262e3b90) Importer(815301076,1909f56bfc062723c751e8b465ee728b)
Start importing Assets/Textures/Building Texture.png using Guid(b62dc004ef7a3244da7bcf34262e3b90) Importer(815301076,1909f56bfc062723c751e8b465ee728b)  -> (artifact id: '3c883db4cf4b016633da7820bf523e26') in 0.299618 seconds 
========================================================================
Received Import Request.
  Time since last request: 0.000297 seconds.
  path: Assets/Textures/Table Grey.png
  artifactKey: Guid(42bee73d47cf03f4eb778f891fa53d83) Importer(815301076,1909f56bfc062723c751e8b465ee728b)
Start importing Assets/Textures/Table Grey.png using Guid(42bee73d47cf03f4eb778f891fa53d83) Importer(815301076,1909f56bfc062723c751e8b465ee728b)  -> (artifact id: '35ba6fa254c552bd08e07e347bc9705a') in 0.070322 seconds 
========================================================================
Received Import Request.
  Time since last request: 0.001534 seconds.
  path: Assets/Textures/Beige 2.png
  artifactKey: Guid(c12963c6d61685d4cbd3086584874e87) Importer(815301076,1909f56bfc062723c751e8b465ee728b)
Start importing Assets/Textures/Beige 2.png using Guid(c12963c6d61685d4cbd3086584874e87) Importer(815301076,1909f56bfc062723c751e8b465ee728b)  -> (artifact id: 'fdd4f9f31e257597e695b67cd7f5196c') in 0.039553 seconds 
========================================================================
Received Import Request.
  Time since last request: 0.000223 seconds.
  path: Assets/Textures/RoofTexture.png
  artifactKey: Guid(d45edc91f4f12fa4394f7edabcc065bd) Importer(815301076,1909f56bfc062723c751e8b465ee728b)
Start importing Assets/Textures/RoofTexture.png using Guid(d45edc91f4f12fa4394f7edabcc065bd) Importer(815301076,1909f56bfc062723c751e8b465ee728b)  -> (artifact id: 'bcbf948370f3d6fa35bc725bfa7f917f') in 0.045886 seconds 
========================================================================
Received Import Request.
  Time since last request: 0.000269 seconds.
  path: Assets/Textures/ToyTexture.png
  artifactKey: Guid(d28073a27a4968a4b88fb507679bd95a) Importer(815301076,1909f56bfc062723c751e8b465ee728b)
Start importing Assets/Textures/ToyTexture.png using Guid(d28073a27a4968a4b88fb507679bd95a) Importer(815301076,1909f56bfc062723c751e8b465ee728b)  -> (artifact id: 'ef29c5e1ada1e601fdee8771efe4527c') in 0.038485 seconds 
========================================================================
Received Import Request.
  Time since last request: 0.000170 seconds.
  path: Assets/Textures/LDoorTexture.png
  artifactKey: Guid(408dd0e198d225a4fa49bd2956e8f7b3) Importer(815301076,1909f56bfc062723c751e8b465ee728b)
Start importing Assets/Textures/LDoorTexture.png using Guid(408dd0e198d225a4fa49bd2956e8f7b3) Importer(815301076,1909f56bfc062723c751e8b465ee728b)  -> (artifact id: '00cd9db449e8ec7d04f3b40b3559cbce') in 0.072324 seconds 
========================================================================
Received Import Request.
  Time since last request: 0.000593 seconds.
  path: Assets/Textures/MonitorTexture.png
  artifactKey: Guid(8609e00a2f34e024c88d329ea90bfd6f) Importer(815301076,1909f56bfc062723c751e8b465ee728b)
Start importing Assets/Textures/MonitorTexture.png using Guid(8609e00a2f34e024c88d329ea90bfd6f) Importer(815301076,1909f56bfc062723c751e8b465ee728b)  -> (artifact id: '5e5f308eba3e8114c3e940b93e3f203c') in 0.080168 seconds 
========================================================================
Received Import Request.
  Time since last request: 0.000486 seconds.
  path: Assets/Textures/RDoorTexture.png
  artifactKey: Guid(a26e16512b86e8a4fb465ce4a68b3fce) Importer(815301076,1909f56bfc062723c751e8b465ee728b)
Start importing Assets/Textures/RDoorTexture.png using Guid(a26e16512b86e8a4fb465ce4a68b3fce) Importer(815301076,1909f56bfc062723c751e8b465ee728b)  -> (artifact id: '883d0bd479f28254e2a7c1da2e645b09') in 0.074534 seconds 
========================================================================
Received Import Request.
  Time since last request: 0.001055 seconds.
  path: Assets/Textures/ButtonTexture.png
  artifactKey: Guid(0e31f91a161fc254588fd0d012d8b893) Importer(815301076,1909f56bfc062723c751e8b465ee728b)
Start importing Assets/Textures/ButtonTexture.png using Guid(0e31f91a161fc254588fd0d012d8b893) Importer(815301076,1909f56bfc062723c751e8b465ee728b)  -> (artifact id: '352988aafcc3a3be40bdae0e746d9875') in 0.045384 seconds 
========================================================================
Received Import Request.
  Time since last request: 0.000322 seconds.
  path: Assets/Textures/Stage Diffuse.png
  artifactKey: Guid(e3da0272ae59ce847a92c2a723adbfcb) Importer(815301076,1909f56bfc062723c751e8b465ee728b)
Start importing Assets/Textures/Stage Diffuse.png using Guid(e3da0272ae59ce847a92c2a723adbfcb) Importer(815301076,1909f56bfc062723c751e8b465ee728b)  -> (artifact id: 'aa47fae39d56f9566f01609f0a9835fb') in 0.033997 seconds 
========================================================================
Received Import Request.
  Time since last request: 0.036478 seconds.
  path: Assets/Textures/Robots
  artifactKey: Guid(1c1f02fedfa9e654a89f9fe0996b4fff) Importer(815301076,1909f56bfc062723c751e8b465ee728b)
Start importing Assets/Textures/Robots using Guid(1c1f02fedfa9e654a89f9fe0996b4fff) Importer(815301076,1909f56bfc062723c751e8b465ee728b)  -> (artifact id: 'b180979ff19f05c2629be598f6631772') in 0.012948 seconds 
========================================================================
Received Import Request.
  Time since last request: 0.664740 seconds.
  path: Assets/Textures/Robots/Helen
  artifactKey: Guid(2674d6f4b9e76f24bbcac4aacff379aa) Importer(815301076,1909f56bfc062723c751e8b465ee728b)
Start importing Assets/Textures/Robots/Helen using Guid(2674d6f4b9e76f24bbcac4aacff379aa) Importer(815301076,1909f56bfc062723c751e8b465ee728b)  -> (artifact id: '050e78e7408cfa8fea9a83b2978f3885') in 0.003240 seconds 
========================================================================
Received Import Request.
  Time since last request: 0.035633 seconds.
  path: Assets/Textures/Robots/Helen/Diffuse.png
  artifactKey: Guid(1b31e4dfda3b7ab408215201ee1d9b3e) Importer(815301076,1909f56bfc062723c751e8b465ee728b)
Start importing Assets/Textures/Robots/Helen/Diffuse.png using Guid(1b31e4dfda3b7ab408215201ee1d9b3e) Importer(815301076,1909f56bfc062723c751e8b465ee728b)  -> (artifact id: 'd15d385ef72c6bc74a6253956b1de5ba') in 0.026403 seconds 
========================================================================
Received Import Request.
  Time since last request: 0.000278 seconds.
  path: Assets/Textures/Robots/Helen/Helen_Eye.png
  artifactKey: Guid(07eb1e8d7bd879a46928516e10efc8bd) Importer(815301076,1909f56bfc062723c751e8b465ee728b)
Start importing Assets/Textures/Robots/Helen/Helen_Eye.png using Guid(07eb1e8d7bd879a46928516e10efc8bd) Importer(815301076,1909f56bfc062723c751e8b465ee728b)  -> (artifact id: '39672e5d769a347b12403ff9bd621e9a') in 0.034681 seconds 
========================================================================
Received Import Request.
  Time since last request: 7.951917 seconds.
  path: Assets/Materials/Models
  artifactKey: Guid(fe352a2211a3d3b4b9ffd9d028adc63e) Importer(815301076,1909f56bfc062723c751e8b465ee728b)
Start importing Assets/Materials/Models using Guid(fe352a2211a3d3b4b9ffd9d028adc63e) Importer(815301076,1909f56bfc062723c751e8b465ee728b)  -> (artifact id: 'cf946e0aec8f25b845951e29aff44305') in 0.011793 seconds 
========================================================================
Received Import Request.
  Time since last request: 0.459696 seconds.
  path: Assets/Materials/Robots
  artifactKey: Guid(2c28611393ab2314f838e924ed90e4ee) Importer(815301076,1909f56bfc062723c751e8b465ee728b)
Start importing Assets/Materials/Robots using Guid(2c28611393ab2314f838e924ed90e4ee) Importer(815301076,1909f56bfc062723c751e8b465ee728b)  -> (artifact id: '22db1ae7aed979542719c58fb4913edb') in 0.006681 seconds 
========================================================================
Received Import Request.
  Time since last request: 0.000340 seconds.
  path: Assets/Materials/Robots/Eyeball Full.mat
  artifactKey: Guid(03e74b01f8219d148b99fc464d8957a1) Importer(815301076,1909f56bfc062723c751e8b465ee728b)
Start importing Assets/Materials/Robots/Eyeball Full.mat using Guid(03e74b01f8219d148b99fc464d8957a1) Importer(815301076,1909f56bfc062723c751e8b465ee728b)  -> (artifact id: 'fdb2b18a45475d3f27d4da7e71328fb7') in 0.046549 seconds 
========================================================================
Received Import Request.
  Time since last request: 0.000505 seconds.
  path: Assets/Materials/Robots/Orville Base.mat
  artifactKey: Guid(9634e14131970ee41906cac8d282b4e0) Importer(815301076,1909f56bfc062723c751e8b465ee728b)
Start importing Assets/Materials/Robots/Orville Base.mat using Guid(9634e14131970ee41906cac8d282b4e0) Importer(815301076,1909f56bfc062723c751e8b465ee728b)  -> (artifact id: '96619c472d07ccc16a2dfc3f0b37934f') in 0.066388 seconds 
========================================================================
Received Import Request.
  Time since last request: 0.000174 seconds.
  path: Assets/Materials/Robots/Frank Head.mat
  artifactKey: Guid(6e5e4353fa46481428793fede880050a) Importer(815301076,1909f56bfc062723c751e8b465ee728b)
Start importing Assets/Materials/Robots/Frank Head.mat using Guid(6e5e4353fa46481428793fede880050a) Importer(815301076,1909f56bfc062723c751e8b465ee728b)  -> (artifact id: 'cd9796a4dc5ee7f9ca40cc9e816feafd') in 0.054053 seconds 
========================================================================
Received Import Request.
  Time since last request: 0.000166 seconds.
  path: Assets/Materials/Robots/Frank Limbs.mat
  artifactKey: Guid(4d101b0eef55c3348b900f1800391daf) Importer(815301076,1909f56bfc062723c751e8b465ee728b)
Start importing Assets/Materials/Robots/Frank Limbs.mat using Guid(4d101b0eef55c3348b900f1800391daf) Importer(815301076,1909f56bfc062723c751e8b465ee728b)  -> (artifact id: '495d7bd913883f45b45b80ffba22b601') in 0.053966 seconds 
========================================================================
Received Import Request.
  Time since last request: 0.000238 seconds.
  path: Assets/Materials/Robots/Frank Base.mat
  artifactKey: Guid(8e9d0190b635e274c80d35c95418d3d9) Importer(815301076,1909f56bfc062723c751e8b465ee728b)
Start importing Assets/Materials/Robots/Frank Base.mat using Guid(8e9d0190b635e274c80d35c95418d3d9) Importer(815301076,1909f56bfc062723c751e8b465ee728b)  -> (artifact id: '2a26538d70ea1d219e14128a9535d3df') in 0.054777 seconds 
========================================================================
Received Import Request.
  Time since last request: 0.000265 seconds.
  path: Assets/Materials/Robots/Metal Bits.mat
  artifactKey: Guid(5812a97a94e64204a9d9fc0351b4014d) Importer(815301076,1909f56bfc062723c751e8b465ee728b)
Start importing Assets/Materials/Robots/Metal Bits.mat using Guid(5812a97a94e64204a9d9fc0351b4014d) Importer(815301076,1909f56bfc062723c751e8b465ee728b)  -> (artifact id: 'd576e5b687ab721fe2aed8ab48949566') in 0.032512 seconds 
========================================================================
Received Import Request.
  Time since last request: 0.000219 seconds.
  path: Assets/Materials/Robots/Bernard Base.mat
  artifactKey: Guid(dde81a6fe60255745ab55f2e9ef9c8f4) Importer(815301076,1909f56bfc062723c751e8b465ee728b)
Start importing Assets/Materials/Robots/Bernard Base.mat using Guid(dde81a6fe60255745ab55f2e9ef9c8f4) Importer(815301076,1909f56bfc062723c751e8b465ee728b)  -> (artifact id: '5e917f4217c6692886dc0550c7ab033e') in 0.061933 seconds 
========================================================================
Received Import Request.
  Time since last request: 0.000197 seconds.
  path: Assets/Materials/Robots/Teeth.mat
  artifactKey: Guid(7f98b0cc980d9d54a86c7f5039b04874) Importer(815301076,1909f56bfc062723c751e8b465ee728b)
Start importing Assets/Materials/Robots/Teeth.mat using Guid(7f98b0cc980d9d54a86c7f5039b04874) Importer(815301076,1909f56bfc062723c751e8b465ee728b)  -> (artifact id: 'db89976b79e21cd7920716deae0f2304') in 0.036745 seconds 
========================================================================
Received Import Request.
  Time since last request: 5.555864 seconds.
  path: Assets/Materials/Robots/Helen base.mat
  artifactKey: Guid(4ea6a0d869146b6499558040575da44d) Importer(815301076,1909f56bfc062723c751e8b465ee728b)
Start importing Assets/Materials/Robots/Helen base.mat using Guid(4ea6a0d869146b6499558040575da44d) Importer(815301076,1909f56bfc062723c751e8b465ee728b)  -> (artifact id: 'c9598728481e76abb730f759823c7443') in 0.027252 seconds 
========================================================================
Received Import Request.
  Time since last request: 45.107390 seconds.
  path: Assets/Textures/Robots/Helen/Materials
  artifactKey: Guid(ede4873d27ade114cb01cd8d0ee324e9) Importer(815301076,1909f56bfc062723c751e8b465ee728b)
Start importing Assets/Textures/Robots/Helen/Materials using Guid(ede4873d27ade114cb01cd8d0ee324e9) Importer(815301076,1909f56bfc062723c751e8b465ee728b)  -> (artifact id: 'ea44c502ed8c040477b14e7323f87a2c') in 0.010292 seconds 
========================================================================
Received Import Request.
  Time since last request: 0.048303 seconds.
  path: Assets/Textures/Robots/Helen/Materials/Helen_Eye.mat
  artifactKey: Guid(4cfe14071d78ad24bb18d1a75b0a3304) Importer(815301076,1909f56bfc062723c751e8b465ee728b)
Start importing Assets/Textures/Robots/Helen/Materials/Helen_Eye.mat using Guid(4cfe14071d78ad24bb18d1a75b0a3304) Importer(815301076,1909f56bfc062723c751e8b465ee728b)  -> (artifact id: 'cad796e7160d164b5664651206c6182a') in 0.020292 seconds 
========================================================================
Received Import Request.
  Time since last request: 53.844286 seconds.
  path: Assets/Materials/Models/AlarmTexture.mat
  artifactKey: Guid(8e53f251c87a43248a3968b92057891b) Importer(815301076,1909f56bfc062723c751e8b465ee728b)
Start importing Assets/Materials/Models/AlarmTexture.mat using Guid(8e53f251c87a43248a3968b92057891b) Importer(815301076,1909f56bfc062723c751e8b465ee728b)  -> (artifact id: '522dd8a45a488261b7273343023be1f6') in 0.023261 seconds 
========================================================================
Received Import Request.
  Time since last request: 0.000273 seconds.
  path: Assets/Materials/Models/LDoorTexture.mat
  artifactKey: Guid(25def3583d1142d4d9ec2739d0e384e0) Importer(815301076,1909f56bfc062723c751e8b465ee728b)
Start importing Assets/Materials/Models/LDoorTexture.mat using Guid(25def3583d1142d4d9ec2739d0e384e0) Importer(815301076,1909f56bfc062723c751e8b465ee728b)  -> (artifact id: 'f418a6946c028824bd488d1354ce80aa') in 0.047922 seconds 
========================================================================
Received Import Request.
  Time since last request: 0.000423 seconds.
  path: Assets/Materials/Models/ButtonTexture.mat
  artifactKey: Guid(aa3ad72cdac595847b7b2308623eba1b) Importer(815301076,1909f56bfc062723c751e8b465ee728b)
Start importing Assets/Materials/Models/ButtonTexture.mat using Guid(aa3ad72cdac595847b7b2308623eba1b) Importer(815301076,1909f56bfc062723c751e8b465ee728b)  -> (artifact id: 'b2b708c12a3239eb1c731d74460b7826') in 0.026676 seconds 
========================================================================
Received Import Request.
  Time since last request: 0.000301 seconds.
  path: Assets/Materials/Models/Building Texture.mat
  artifactKey: Guid(ef7a9b502a0b8df42b50331214f8c310) Importer(815301076,1909f56bfc062723c751e8b465ee728b)
Start importing Assets/Materials/Models/Building Texture.mat using Guid(ef7a9b502a0b8df42b50331214f8c310) Importer(815301076,1909f56bfc062723c751e8b465ee728b)  -> (artifact id: '3086d458252884bba783310aa8359e08') in 0.109054 seconds 
========================================================================
Received Import Request.
  Time since last request: 0.000232 seconds.
  path: Assets/Materials/Models/Beige 2.mat
  artifactKey: Guid(89782d75a8ec3bb46889b34e4a483e07) Importer(815301076,1909f56bfc062723c751e8b465ee728b)
Start importing Assets/Materials/Models/Beige 2.mat using Guid(89782d75a8ec3bb46889b34e4a483e07) Importer(815301076,1909f56bfc062723c751e8b465ee728b)  -> (artifact id: 'bccea9488d66c7cff19756f6e00e3c6d') in 0.027123 seconds 
========================================================================
Received Import Request.
  Time since last request: 0.000324 seconds.
  path: Assets/Materials/Models/RDoorTexture.mat
  artifactKey: Guid(ed6326473a16fd74f935083125eb63c7) Importer(815301076,1909f56bfc062723c751e8b465ee728b)
Start importing Assets/Materials/Models/RDoorTexture.mat using Guid(ed6326473a16fd74f935083125eb63c7) Importer(815301076,1909f56bfc062723c751e8b465ee728b)  -> (artifact id: 'faa6ea2124679a77f448ed3656758060') in 0.040785 seconds 
========================================================================
Received Import Request.
  Time since last request: 0.000517 seconds.
  path: Assets/Materials/Models/WindowTexture.mat
  artifactKey: Guid(7a875d2a35631bd46a66870f46eceee2) Importer(815301076,1909f56bfc062723c751e8b465ee728b)
Start importing Assets/Materials/Models/WindowTexture.mat using Guid(7a875d2a35631bd46a66870f46eceee2) Importer(815301076,1909f56bfc062723c751e8b465ee728b)  -> (artifact id: 'f614c5cdc3027f1f690e0129ce324493') in 0.041525 seconds 
========================================================================
Received Import Request.
  Time since last request: 0.000351 seconds.
  path: Assets/Materials/Models/Green LED.mat
  artifactKey: Guid(d9e36fa2702abcd43ae9d084244da08e) Importer(815301076,1909f56bfc062723c751e8b465ee728b)
Start importing Assets/Materials/Models/Green LED.mat using Guid(d9e36fa2702abcd43ae9d084244da08e) Importer(815301076,1909f56bfc062723c751e8b465ee728b)  -> (artifact id: 'ec6ff3da00f2c4b929eb8795bd2751c0') in 0.050122 seconds 
========================================================================
Received Import Request.
  Time since last request: 0.000326 seconds.
  path: Assets/Materials/Models/ToyTexture.mat
  artifactKey: Guid(35a93f03096d7704caf35258dd74d50c) Importer(815301076,1909f56bfc062723c751e8b465ee728b)
Start importing Assets/Materials/Models/ToyTexture.mat using Guid(35a93f03096d7704caf35258dd74d50c) Importer(815301076,1909f56bfc062723c751e8b465ee728b)  -> (artifact id: '8f1437fb45fc75b744e259ac5f76bcc4') in 0.030720 seconds 
========================================================================
Received Import Request.
  Time since last request: 0.000316 seconds.
  path: Assets/Materials/Models/Shelves Diffuse.mat
  artifactKey: Guid(795f1b9c99870594389defef77c74425) Importer(815301076,1909f56bfc062723c751e8b465ee728b)
Start importing Assets/Materials/Models/Shelves Diffuse.mat using Guid(795f1b9c99870594389defef77c74425) Importer(815301076,1909f56bfc062723c751e8b465ee728b)  -> (artifact id: 'ecc2e3e1c82ce0e1527652a73812075c') in 0.043874 seconds 
========================================================================
Received Import Request.
  Time since last request: 0.001151 seconds.
  path: Assets/Materials/Models/Sign.mat
  artifactKey: Guid(2348d5ccd6b7a5d40bfed932d3f84dfc) Importer(815301076,1909f56bfc062723c751e8b465ee728b)
Start importing Assets/Materials/Models/Sign.mat using Guid(2348d5ccd6b7a5d40bfed932d3f84dfc) Importer(815301076,1909f56bfc062723c751e8b465ee728b)  -> (artifact id: '8a3e483a0c10770195290df38fb3ebd3') in 0.053073 seconds 
========================================================================
Received Import Request.
  Time since last request: 0.000365 seconds.
  path: Assets/Materials/Models/RoofTexture.mat
  artifactKey: Guid(96fdd1f5ae8156248ab005f4bafc3462) Importer(815301076,1909f56bfc062723c751e8b465ee728b)
Start importing Assets/Materials/Models/RoofTexture.mat using Guid(96fdd1f5ae8156248ab005f4bafc3462) Importer(815301076,1909f56bfc062723c751e8b465ee728b)  -> (artifact id: 'ac261382c2b296d59a932352f03fd0d3') in 0.023113 seconds 
========================================================================
Received Import Request.
  Time since last request: 0.000558 seconds.
  path: Assets/Materials/Models/Table Grey.mat
  artifactKey: Guid(bb7cc8b96cd84be45b028a165f0a1a7d) Importer(815301076,1909f56bfc062723c751e8b465ee728b)
Start importing Assets/Materials/Models/Table Grey.mat using Guid(bb7cc8b96cd84be45b028a165f0a1a7d) Importer(815301076,1909f56bfc062723c751e8b465ee728b)  -> (artifact id: '754da716e1bd766164df065e2fc02821') in 0.048659 seconds 
========================================================================
Received Import Request.
  Time since last request: 0.001300 seconds.
  path: Assets/Materials/Models/KeyboardAndMouseTexture.mat
  artifactKey: Guid(6cb37169ea7da6741a78ccb7bfc83c26) Importer(815301076,1909f56bfc062723c751e8b465ee728b)
Start importing Assets/Materials/Models/KeyboardAndMouseTexture.mat using Guid(6cb37169ea7da6741a78ccb7bfc83c26) Importer(815301076,1909f56bfc062723c751e8b465ee728b)  -> (artifact id: '5b74ea62ca8afa3c6c22677439925f76') in 0.021680 seconds 
========================================================================
Received Import Request.
  Time since last request: 0.000248 seconds.
  path: Assets/Materials/Models/MonitorTexture.mat
  artifactKey: Guid(515e51930863cc04d89d85b69a1f0d8a) Importer(815301076,1909f56bfc062723c751e8b465ee728b)
Start importing Assets/Materials/Models/MonitorTexture.mat using Guid(515e51930863cc04d89d85b69a1f0d8a) Importer(815301076,1909f56bfc062723c751e8b465ee728b)  -> (artifact id: '4a56c236ecd8c913fa0a8b3cc5e55a5a') in 0.042239 seconds 
========================================================================
Received Import Request.
  Time since last request: 0.000542 seconds.
  path: Assets/Materials/Models/TableTexture.mat
  artifactKey: Guid(1846f6047841e484384049862866277d) Importer(815301076,1909f56bfc062723c751e8b465ee728b)
Start importing Assets/Materials/Models/TableTexture.mat using Guid(1846f6047841e484384049862866277d) Importer(815301076,1909f56bfc062723c751e8b465ee728b)  -> (artifact id: '163b05c6e2f9df3c2f7234d46c9a791c') in 0.041481 seconds 
========================================================================
Received Import Request.
  Time since last request: 0.000720 seconds.
  path: Assets/Materials/Models/ComputerTexture.mat
  artifactKey: Guid(7296ec4dea961a247abba3d8adad9e44) Importer(815301076,1909f56bfc062723c751e8b465ee728b)
Start importing Assets/Materials/Models/ComputerTexture.mat using Guid(7296ec4dea961a247abba3d8adad9e44) Importer(815301076,1909f56bfc062723c751e8b465ee728b)  -> (artifact id: '48af8c1050c9983269bf1ecfc5ab1738') in 0.049517 seconds 
========================================================================
Received Import Request.
  Time since last request: 0.000282 seconds.
  path: Assets/Materials/Models/Stage Diffuse.mat
  artifactKey: Guid(3148b5f2aa3b41c46844ae1f2371ca0e) Importer(815301076,1909f56bfc062723c751e8b465ee728b)
Start importing Assets/Materials/Models/Stage Diffuse.mat using Guid(3148b5f2aa3b41c46844ae1f2371ca0e) Importer(815301076,1909f56bfc062723c751e8b465ee728b)  -> (artifact id: '6b9a6bf4df91ea5ef8e857f16c4b7daa') in 0.025055 seconds 
========================================================================
Received Import Request.
  Time since last request: 91.199616 seconds.
  path: Assets/Materials/Robots/Helen base.mat
  artifactKey: Guid(4ea6a0d869146b6499558040575da44d) Importer(815301076,1909f56bfc062723c751e8b465ee728b)
Start importing Assets/Materials/Robots/Helen base.mat using Guid(4ea6a0d869146b6499558040575da44d) Importer(815301076,1909f56bfc062723c751e8b465ee728b)  -> (artifact id: '7d8a802ee05f4300e1ed36ceb9642e6a') in 0.098987 seconds 
========================================================================
Received Import Request.
  Time since last request: 249.854355 seconds.
  path: Assets/Textures/Robots/Helen/Helen_Eye.png
  artifactKey: Guid(07eb1e8d7bd879a46928516e10efc8bd) Importer(815301076,1909f56bfc062723c751e8b465ee728b)
Start importing Assets/Textures/Robots/Helen/Helen_Eye.png using Guid(07eb1e8d7bd879a46928516e10efc8bd) Importer(815301076,1909f56bfc062723c751e8b465ee728b)  -> (artifact id: 'a8386059326545d3bce364f1ae3db4f6') in 0.049952 seconds 
========================================================================
Received Import Request.
  Time since last request: 50.884836 seconds.
  path: Assets/3D Models/Robots/Helen/Helen.fbx
  artifactKey: Guid(de3a1e310d691b0449a2c1b8fed446ce) Importer(815301076,1909f56bfc062723c751e8b465ee728b)
Start importing Assets/3D Models/Robots/Helen/Helen.fbx using Guid(de3a1e310d691b0449a2c1b8fed446ce) Importer(815301076,1909f56bfc062723c751e8b465ee728b)  -> (artifact id: '0d9ed46aa502d2e82a2d0b3eef4528b6') in 0.409602 seconds 
========================================================================
Received Import Request.
  Time since last request: 74.203003 seconds.
  path: Assets/Materials/Robots/Bernard Base.mat
  artifactKey: Guid(dde81a6fe60255745ab55f2e9ef9c8f4) Importer(815301076,1909f56bfc062723c751e8b465ee728b)
Start importing Assets/Materials/Robots/Bernard Base.mat using Guid(dde81a6fe60255745ab55f2e9ef9c8f4) Importer(815301076,1909f56bfc062723c751e8b465ee728b)  -> (artifact id: 'b0f13ba7408dbf1bedc693640d085e3f') in 0.071083 seconds 
========================================================================
Received Import Request.
  Time since last request: 0.000427 seconds.
  path: Assets/Materials/Robots/Orville Base.mat
  artifactKey: Guid(9634e14131970ee41906cac8d282b4e0) Importer(815301076,1909f56bfc062723c751e8b465ee728b)
Start importing Assets/Materials/Robots/Orville Base.mat using Guid(9634e14131970ee41906cac8d282b4e0) Importer(815301076,1909f56bfc062723c751e8b465ee728b)  -> (artifact id: '8b2c9493d6f47c32878ca8a3e402a38a') in 0.084131 seconds 
========================================================================
Received Import Request.
  Time since last request: 0.000229 seconds.
  path: Assets/Materials/Robots/Frank Base.mat
  artifactKey: Guid(8e9d0190b635e274c80d35c95418d3d9) Importer(815301076,1909f56bfc062723c751e8b465ee728b)
Start importing Assets/Materials/Robots/Frank Base.mat using Guid(8e9d0190b635e274c80d35c95418d3d9) Importer(815301076,1909f56bfc062723c751e8b465ee728b)  -> (artifact id: '3da6dae45d459224efacb8356aa3cb33') in 0.058151 seconds 
========================================================================
Received Import Request.
  Time since last request: 0.000220 seconds.
  path: Assets/Materials/Robots/Helen_Eye.mat
  artifactKey: Guid(4cfe14071d78ad24bb18d1a75b0a3304) Importer(815301076,1909f56bfc062723c751e8b465ee728b)
Start importing Assets/Materials/Robots/Helen_Eye.mat using Guid(4cfe14071d78ad24bb18d1a75b0a3304) Importer(815301076,1909f56bfc062723c751e8b465ee728b)  -> (artifact id: 'e0adcfe4a74c636e9c2acb51e7750527') in 0.054943 seconds 
========================================================================
Received Import Request.
  Time since last request: 0.000378 seconds.
  path: Assets/Materials/Robots/Helen base.mat
  artifactKey: Guid(4ea6a0d869146b6499558040575da44d) Importer(815301076,1909f56bfc062723c751e8b465ee728b)
Start importing Assets/Materials/Robots/Helen base.mat using Guid(4ea6a0d869146b6499558040575da44d) Importer(815301076,1909f56bfc062723c751e8b465ee728b)  -> (artifact id: '07cc0917369a61e9693a2ee811f7a45e') in 0.070467 seconds 
========================================================================
Received Import Request.
  Time since last request: 2.023331 seconds.
  path: Assets/Textures/Robots/Bernard/Eyeball.png
  artifactKey: Guid(6dd4d9cf141d40d41896970d2646e349) Importer(815301076,1909f56bfc062723c751e8b465ee728b)
Start importing Assets/Textures/Robots/Bernard/Eyeball.png using Guid(6dd4d9cf141d40d41896970d2646e349) Importer(815301076,1909f56bfc062723c751e8b465ee728b)  -> (artifact id: '8c9b1f94770fcfcb4679f73e8075d6dc') in 0.064539 seconds 
========================================================================
Received Import Request.
  Time since last request: 472.339496 seconds.
  path: Assets/Materials/Models/Sign.mat
  artifactKey: Guid(2348d5ccd6b7a5d40bfed932d3f84dfc) Importer(815301076,1909f56bfc062723c751e8b465ee728b)
Start importing Assets/Materials/Models/Sign.mat using Guid(2348d5ccd6b7a5d40bfed932d3f84dfc) Importer(815301076,1909f56bfc062723c751e8b465ee728b)  -> (artifact id: '414ff7f2a55b202bc3067a1e700fc138') in 0.019514 seconds 
========================================================================
Received Import Request.
  Time since last request: 958.147057 seconds.
  path: Assets/Materials/3DButtons/OFFDoor.mat
  artifactKey: Guid(53400c78862d6f34ca96992a0e075a53) Importer(815301076,1909f56bfc062723c751e8b465ee728b)
Start importing Assets/Materials/3DButtons/OFFDoor.mat using Guid(53400c78862d6f34ca96992a0e075a53) Importer(815301076,1909f56bfc062723c751e8b465ee728b)  -> (artifact id: 'd36d19c2502538cdf5687b9c98c36e14') in 0.059787 seconds 
========================================================================
Received Import Request.
  Time since last request: 0.000312 seconds.
  path: Assets/Materials/3DButtons/ONLight.mat
  artifactKey: Guid(6a91515ee86e0c84fa205daa383f736b) Importer(815301076,1909f56bfc062723c751e8b465ee728b)
Start importing Assets/Materials/3DButtons/ONLight.mat using Guid(6a91515ee86e0c84fa205daa383f736b) Importer(815301076,1909f56bfc062723c751e8b465ee728b)  -> (artifact id: '8302f09a39a53b8896e95c0a2c35a03c') in 0.020543 seconds 
========================================================================
Received Import Request.
  Time since last request: 0.000573 seconds.
  path: Assets/Materials/3DButtons/OnDoor.mat
  artifactKey: Guid(a58ceea76109be14bbc5cea202dbdcdd) Importer(815301076,1909f56bfc062723c751e8b465ee728b)
Start importing Assets/Materials/3DButtons/OnDoor.mat using Guid(a58ceea76109be14bbc5cea202dbdcdd) Importer(815301076,1909f56bfc062723c751e8b465ee728b)  -> (artifact id: 'b7c23412954d766e6c2d1f5d8c26b73c') in 0.027848 seconds 
========================================================================
Received Import Request.
  Time since last request: 0.000309 seconds.
  path: Assets/Materials/3DButtons/OFFLight.mat
  artifactKey: Guid(d9e9f23e8b7762947a125817334cd04f) Importer(815301076,1909f56bfc062723c751e8b465ee728b)
Start importing Assets/Materials/3DButtons/OFFLight.mat using Guid(d9e9f23e8b7762947a125817334cd04f) Importer(815301076,1909f56bfc062723c751e8b465ee728b)  -> (artifact id: 'ac69e422dd9b0d94ac0569a143880b6e') in 0.030133 seconds 
========================================================================
Received Import Request.
  Time since last request: 2.226395 seconds.
  path: Assets/3D Models/ButtonHolders.obj
  artifactKey: Guid(9dffe4a49fcfc8c409c8d54dd8eb96ec) Importer(815301076,1909f56bfc062723c751e8b465ee728b)
Start importing Assets/3D Models/ButtonHolders.obj using Guid(9dffe4a49fcfc8c409c8d54dd8eb96ec) Importer(815301076,1909f56bfc062723c751e8b465ee728b)  -> (artifact id: 'a9324599120c39b7c30b8974619bc6a0') in 0.086256 seconds 
========================================================================
Received Import Request.
  Time since last request: 0.000295 seconds.
  path: Assets/3D Models/Shelves.obj
  artifactKey: Guid(289f600f059997c46918d28f5075b3de) Importer(815301076,1909f56bfc062723c751e8b465ee728b)
Start importing Assets/3D Models/Shelves.obj using Guid(289f600f059997c46918d28f5075b3de) Importer(815301076,1909f56bfc062723c751e8b465ee728b)  -> (artifact id: '7cbda328cba383d1174f3fd29d3b17dc') in 0.054704 seconds 
========================================================================
Received Import Request.
  Time since last request: 0.000322 seconds.
  path: Assets/3D Models/Table.obj
  artifactKey: Guid(bb4ae4f2286999a41a00808aab43c162) Importer(815301076,1909f56bfc062723c751e8b465ee728b)
Start importing Assets/3D Models/Table.obj using Guid(bb4ae4f2286999a41a00808aab43c162) Importer(815301076,1909f56bfc062723c751e8b465ee728b)  -> (artifact id: '9f140efdb0669463fc311a0e642e7ac3') in 0.051124 seconds 
========================================================================
Received Import Request.
  Time since last request: 0.000343 seconds.
  path: Assets/3D Models/Computer.obj
  artifactKey: Guid(ce3f97fce81aac44f9e5f350e6652751) Importer(815301076,1909f56bfc062723c751e8b465ee728b)
Start importing Assets/3D Models/Computer.obj using Guid(ce3f97fce81aac44f9e5f350e6652751) Importer(815301076,1909f56bfc062723c751e8b465ee728b)  -> (artifact id: 'a3a9e92d8901b802e6340b3ea4ba2cf1') in 0.041090 seconds 
========================================================================
Received Import Request.
  Time since last request: 0.000303 seconds.
  path: Assets/3D Models/StrgRm1Desks.obj
  artifactKey: Guid(615b947e81c0fa2459ef9c95990e48c8) Importer(815301076,1909f56bfc062723c751e8b465ee728b)
Start importing Assets/3D Models/StrgRm1Desks.obj using Guid(615b947e81c0fa2459ef9c95990e48c8) Importer(815301076,1909f56bfc062723c751e8b465ee728b)  -> (artifact id: '49bb08795fa81f16868df637b238ca43') in 0.052425 seconds 
========================================================================
Received Import Request.
  Time since last request: 0.002668 seconds.
  path: Assets/3D Models/Clock.obj
  artifactKey: Guid(99fae73a2c7370947b90a6492558be0a) Importer(815301076,1909f56bfc062723c751e8b465ee728b)
Start importing Assets/3D Models/Clock.obj using Guid(99fae73a2c7370947b90a6492558be0a) Importer(815301076,1909f56bfc062723c751e8b465ee728b)  -> (artifact id: '83a42a2f761ddd27c79215fe96cce90c') in 0.056510 seconds 
========================================================================
Received Import Request.
  Time since last request: 0.000194 seconds.
  path: Assets/3D Models/Lounge_Furniture.obj
  artifactKey: Guid(4c8f625c6b1266143a597c3d380a723a) Importer(815301076,1909f56bfc062723c751e8b465ee728b)
Start importing Assets/3D Models/Lounge_Furniture.obj using Guid(4c8f625c6b1266143a597c3d380a723a) Importer(815301076,1909f56bfc062723c751e8b465ee728b)  -> (artifact id: '20c9b998ea36752db255ffe56a077909') in 0.044452 seconds 
========================================================================
Received Import Request.
  Time since last request: 0.000305 seconds.
  path: Assets/3D Models/StrgRm2Table.obj
  artifactKey: Guid(63afd04c03b8a164d94326be486dd12d) Importer(815301076,1909f56bfc062723c751e8b465ee728b)
Start importing Assets/3D Models/StrgRm2Table.obj using Guid(63afd04c03b8a164d94326be486dd12d) Importer(815301076,1909f56bfc062723c751e8b465ee728b)  -> (artifact id: '84b04703785b85d17853ad46c5af27b9') in 0.081700 seconds 
========================================================================
Received Import Request.
  Time since last request: 0.000178 seconds.
  path: Assets/3D Models/GrumbloFigure.obj
  artifactKey: Guid(2752e09b43268784a8af1ab908ff0507) Importer(815301076,1909f56bfc062723c751e8b465ee728b)
Start importing Assets/3D Models/GrumbloFigure.obj using Guid(2752e09b43268784a8af1ab908ff0507) Importer(815301076,1909f56bfc062723c751e8b465ee728b)  -> (artifact id: '23e0e76f5557d61d3c41bfc922fe4a40') in 0.082280 seconds 
========================================================================
Received Import Request.
  Time since last request: 0.000201 seconds.
  path: Assets/3D Models/LDoor.obj
  artifactKey: Guid(ab2fbfa8668a3484f9c06f25e4472e24) Importer(815301076,1909f56bfc062723c751e8b465ee728b)
Start importing Assets/3D Models/LDoor.obj using Guid(ab2fbfa8668a3484f9c06f25e4472e24) Importer(815301076,1909f56bfc062723c751e8b465ee728b)  -> (artifact id: '4bd9ed419d78d921732581a42c049670') in 0.061809 seconds 
========================================================================
Received Import Request.
  Time since last request: 0.000366 seconds.
  path: Assets/3D Models/Neon Sign.obj
  artifactKey: Guid(1703959db3368cb4ead4de8edcc2feda) Importer(815301076,1909f56bfc062723c751e8b465ee728b)
Start importing Assets/3D Models/Neon Sign.obj using Guid(1703959db3368cb4ead4de8edcc2feda) Importer(815301076,1909f56bfc062723c751e8b465ee728b)  -> (artifact id: '0bf452859b062696321f33bbd2ef9bed') in 0.072526 seconds 
========================================================================
Received Import Request.
  Time since last request: 0.000383 seconds.
  path: Assets/3D Models/Stage.obj
  artifactKey: Guid(b3536872e5518184d87a0f08eaf355fa) Importer(815301076,1909f56bfc062723c751e8b465ee728b)
Start importing Assets/3D Models/Stage.obj using Guid(b3536872e5518184d87a0f08eaf355fa) Importer(815301076,1909f56bfc062723c751e8b465ee728b)  -> (artifact id: '57b52f50d8c30cfae2bd718f18fea089') in 0.072207 seconds 
========================================================================
Received Import Request.
  Time since last request: 0.000261 seconds.
  path: Assets/3D Models/Roof.obj
  artifactKey: Guid(1985d52f689e5c54da4070f99b87055d) Importer(815301076,1909f56bfc062723c751e8b465ee728b)
Start importing Assets/3D Models/Roof.obj using Guid(1985d52f689e5c54da4070f99b87055d) Importer(815301076,1909f56bfc062723c751e8b465ee728b)  -> (artifact id: '02ed47620ebf36e63fffcf6191fe9674') in 0.059977 seconds 
========================================================================
Received Import Request.
  Time since last request: 0.000224 seconds.
  path: Assets/3D Models/KeyboardAndMouse.obj
  artifactKey: Guid(a498c5e9ac818224792f3c5fd8926e08) Importer(815301076,1909f56bfc062723c751e8b465ee728b)
Start importing Assets/3D Models/KeyboardAndMouse.obj using Guid(a498c5e9ac818224792f3c5fd8926e08) Importer(815301076,1909f56bfc062723c751e8b465ee728b)  -> (artifact id: '4ce6190b660270f0cbfe157d6a19f13a') in 0.058641 seconds 
========================================================================
Received Import Request.
  Time since last request: 0.000372 seconds.
  path: Assets/3D Models/RDoor.obj
  artifactKey: Guid(26dcfd760d0f2cd42b39767a184ee559) Importer(815301076,1909f56bfc062723c751e8b465ee728b)
Start importing Assets/3D Models/RDoor.obj using Guid(26dcfd760d0f2cd42b39767a184ee559) Importer(815301076,1909f56bfc062723c751e8b465ee728b)  -> (artifact id: '005f674c6d1c4c965f986993375bd08e') in 0.050654 seconds 
========================================================================
Received Import Request.
  Time since last request: 0.000256 seconds.
  path: Assets/3D Models/Monitor.obj
  artifactKey: Guid(48ed90e83bbd62243ac588a3dae701e5) Importer(815301076,1909f56bfc062723c751e8b465ee728b)
Start importing Assets/3D Models/Monitor.obj using Guid(48ed90e83bbd62243ac588a3dae701e5) Importer(815301076,1909f56bfc062723c751e8b465ee728b)  -> (artifact id: 'e04adaea799f6c0a81ae35b7c29acd29') in 0.060433 seconds 
========================================================================
Received Import Request.
  Time since last request: 22.784017 seconds.
  path: Assets/Textures/Lounge_Diffuse.png
  artifactKey: Guid(0cbf110f267eaa4468a460b87bf6daf9) Importer(815301076,1909f56bfc062723c751e8b465ee728b)
Start importing Assets/Textures/Lounge_Diffuse.png using Guid(0cbf110f267eaa4468a460b87bf6daf9) Importer(815301076,1909f56bfc062723c751e8b465ee728b)  -> (artifact id: 'c4c08fe1718974ca1772d7278d9f26b8') in 0.027631 seconds 
========================================================================
Received Import Request.
  Time since last request: 16.426955 seconds.
  path: Assets/Materials/Lounge_Diffuse.mat
  artifactKey: Guid(e0075a48165751b44aa1e7d6567f3a62) Importer(815301076,1909f56bfc062723c751e8b465ee728b)
Start importing Assets/Materials/Lounge_Diffuse.mat using Guid(e0075a48165751b44aa1e7d6567f3a62) Importer(815301076,1909f56bfc062723c751e8b465ee728b)  -> (artifact id: '19051a43f3f8481fa387c808283b643f') in 0.020547 seconds 
========================================================================
Received Import Request.
  Time since last request: 43.530057 seconds.
  path: Assets/Materials/Models/Lounge_Diffuse.mat
  artifactKey: Guid(e0075a48165751b44aa1e7d6567f3a62) Importer(815301076,1909f56bfc062723c751e8b465ee728b)
Start importing Assets/Materials/Models/Lounge_Diffuse.mat using Guid(e0075a48165751b44aa1e7d6567f3a62) Importer(815301076,1909f56bfc062723c751e8b465ee728b)  -> (artifact id: '8dc2ec31b90be819f4307b416bd50d49') in 0.037731 seconds 
========================================================================
Received Import Request.
  Time since last request: 3987.900389 seconds.
  path: Assets/3D Models/Robots/Bernard/Bernard.fbx
  artifactKey: Guid(c22ebaebbb387bd41b4f32631c32d39d) Importer(815301076,1909f56bfc062723c751e8b465ee728b)
Start importing Assets/3D Models/Robots/Bernard/Bernard.fbx using Guid(c22ebaebbb387bd41b4f32631c32d39d) Importer(815301076,1909f56bfc062723c751e8b465ee728b)  -> (artifact id: '7754815336a869a77f7fd1b17357babd') in 0.409309 seconds 
========================================================================
Received Import Request.
  Time since last request: 0.000385 seconds.
  path: Assets/3D Models/Curtains.obj
  artifactKey: Guid(251bdcdeb1f1e2348a2ae1af80226c9d) Importer(815301076,1909f56bfc062723c751e8b465ee728b)
Start importing Assets/3D Models/Curtains.obj using Guid(251bdcdeb1f1e2348a2ae1af80226c9d) Importer(815301076,1909f56bfc062723c751e8b465ee728b)  -> (artifact id: '63ed741dff864c84bc0f1b163b6f5a11') in 0.060617 seconds 
========================================================================
Received Import Request.
  Time since last request: 0.456026 seconds.
  path: Assets/3D Models/Toy Store.obj
  artifactKey: Guid(d736606580e207241aa8dce20dd9d567) Importer(815301076,1909f56bfc062723c751e8b465ee728b)
Start importing Assets/3D Models/Toy Store.obj using Guid(d736606580e207241aa8dce20dd9d567) Importer(815301076,1909f56bfc062723c751e8b465ee728b)  -> (artifact id: '6796fef1381611009e83d34839e442db') in 0.039828 seconds 
========================================================================
Received Import Request.
  Time since last request: 0.000294 seconds.
  path: Assets/3D Models/Window.obj
  artifactKey: Guid(74e3673804f2a8c4693a0584993adeda) Importer(815301076,1909f56bfc062723c751e8b465ee728b)
Start importing Assets/3D Models/Window.obj using Guid(74e3673804f2a8c4693a0584993adeda) Importer(815301076,1909f56bfc062723c751e8b465ee728b)  -> (artifact id: '4df10f9c35745a02fa3cf8ad2880f23a') in 0.056694 seconds 
========================================================================
Received Import Request.
  Time since last request: 75.089400 seconds.
  path: Assets/3D Models/Curtains.obj
  artifactKey: Guid(251bdcdeb1f1e2348a2ae1af80226c9d) Importer(815301076,1909f56bfc062723c751e8b465ee728b)
Start importing Assets/3D Models/Curtains.obj using Guid(251bdcdeb1f1e2348a2ae1af80226c9d) Importer(815301076,1909f56bfc062723c751e8b465ee728b)  -> (artifact id: 'a7e186beac7bd585b0462c52e4bebd0b') in 0.133743 seconds 
========================================================================
Received Import Request.
  Time since last request: 4.697179 seconds.
  path: Assets/Textures/Curtains.png
  artifactKey: Guid(40f7875b00bcbbd448a2e089d6c53dcd) Importer(815301076,1909f56bfc062723c751e8b465ee728b)
Start importing Assets/Textures/Curtains.png using Guid(40f7875b00bcbbd448a2e089d6c53dcd) Importer(815301076,1909f56bfc062723c751e8b465ee728b)  -> (artifact id: 'a3a19c12e73a5961a05054b138484881') in 0.023201 seconds 
========================================================================
Received Import Request.
  Time since last request: 7.320371 seconds.
  path: Assets/Materials/Curtains.mat
  artifactKey: Guid(68cd89d6e46105b489f54bf73bac098e) Importer(815301076,1909f56bfc062723c751e8b465ee728b)
Start importing Assets/Materials/Curtains.mat using Guid(68cd89d6e46105b489f54bf73bac098e) Importer(815301076,1909f56bfc062723c751e8b465ee728b)  -> (artifact id: 'c211c1c44a38f34931fbd1829b911411') in 0.017648 seconds 
========================================================================
Received Import Request.
  Time since last request: 35.713453 seconds.
  path: Assets/3D Models/Stage2.obj
  artifactKey: Guid(685ad44adfe683c45a52835afe6f098e) Importer(815301076,1909f56bfc062723c751e8b465ee728b)
Start importing Assets/3D Models/Stage2.obj using Guid(685ad44adfe683c45a52835afe6f098e) Importer(815301076,1909f56bfc062723c751e8b465ee728b)  -> (artifact id: '41d22ed822f3978a437ad919ec5e0e80') in 0.035553 seconds 
========================================================================
Received Import Request.
  Time since last request: 9260.202234 seconds.
  path: Assets/Materials/Models/Curtains.mat
  artifactKey: Guid(68cd89d6e46105b489f54bf73bac098e) Importer(815301076,1909f56bfc062723c751e8b465ee728b)
Start importing Assets/Materials/Models/Curtains.mat using Guid(68cd89d6e46105b489f54bf73bac098e) Importer(815301076,1909f56bfc062723c751e8b465ee728b)  -> (artifact id: 'fdedf6041e9c371cff6472944a4044d7') in 0.218065 seconds 
AssetImportWorkerClient::OnTransportError - code=2 error=End of file
