Using pre-set license
Built from '2021.1/staging' branch; Version is '2021.1.18f1 (25bdc3efbc2d) revision 2473411'; Using compiler version '192528614'; Build Type 'Release'
OS: 'Windows 10 Education; OS build 19042.1645; Version 2009; 64bit' Language: 'en' Physical Memory: 8037 MB
BatchMode: 1, IsHumanControllingUs: 0, StartBugReporterOnCrash: 0, Is64bit: 1, IsPro: 0

COMMAND LINE ARGUMENTS:
C:\Program Files\Unity\Hub\Editor\2021.1.18f1\Editor\Unity.exe
-adb2
-batchMode
-noUpm
-name
AssetImportWorker0
-projectPath
C:/temp/Unity Projects/FMP/Frank's Toy Store
-logFile
Logs/AssetImportWorker0.log
-srvPort
59395
Successfully changed project path to: C:/temp/Unity Projects/FMP/Frank's Toy Store
C:/temp/Unity Projects/FMP/Frank's Toy Store
Using Asset Import Pipeline V2.
Refreshing native plugins compatible for Editor in 251.64 ms, found 3 plugins.
Preloading 0 native plugins for Editor in 0.00 ms.
Initialize engine version: 2021.1.18f1 (25bdc3efbc2d)
[Subsystems] Discovering subsystems at path C:/Program Files/Unity/Hub/Editor/2021.1.18f1/Editor/Data/Resources/UnitySubsystems
[Subsystems] Discovering subsystems at path C:/temp/Unity Projects/FMP/Frank's Toy Store/Assets
GfxDevice: creating device client; threaded=0; jobified=0
Direct3D:
    Version:  Direct3D 11.0 [level 11.1]
    Renderer: Intel(R) HD Graphics 530 (ID=0x1912)
    Vendor:   Intel
    VRAM:     4018 MB
    Driver:   27.20.100.9415
Initialize mono
Mono path[0] = 'C:/Program Files/Unity/Hub/Editor/2021.1.18f1/Editor/Data/Managed'
Mono path[1] = 'C:/Program Files/Unity/Hub/Editor/2021.1.18f1/Editor/Data/MonoBleedingEdge/lib/mono/unityjit'
Mono config path = 'C:/Program Files/Unity/Hub/Editor/2021.1.18f1/Editor/Data/MonoBleedingEdge/etc'
Using monoOptions --debugger-agent=transport=dt_socket,embedding=1,server=y,suspend=n,address=127.0.0.1:56464
Begin MonoManager ReloadAssembly
Registering precompiled unity dll's ...
Register platform support module: C:/Program Files/Unity/Hub/Editor/2021.1.18f1/Editor/Data/PlaybackEngines/WebGLSupport/UnityEditor.WebGL.Extensions.dll
Register platform support module: C:/Program Files/Unity/Hub/Editor/2021.1.18f1/Editor/Data/PlaybackEngines/MacStandaloneSupport/UnityEditor.OSXStandalone.Extensions.dll
Register platform support module: C:/Program Files/Unity/Hub/Editor/2021.1.18f1/Editor/Data/PlaybackEngines/WindowsStandaloneSupport/UnityEditor.WindowsStandalone.Extensions.dll
Register platform support module: C:/Program Files/Unity/Hub/Editor/2021.1.18f1/Editor/Data/PlaybackEngines/LinuxStandaloneSupport/UnityEditor.LinuxStandalone.Extensions.dll
Registered in 0.009771 seconds.
Native extension for LinuxStandalone target not found
Native extension for WindowsStandalone target not found
Native extension for OSXStandalone target not found
Native extension for WebGL target not found
Refreshing native plugins compatible for Editor in 122.85 ms, found 3 plugins.
Preloading 0 native plugins for Editor in 0.00 ms.
Mono: successfully reloaded assembly
- Completed reload, in  4.927 seconds
Domain Reload Profiling:
	ReloadAssembly (4928ms)
		BeginReloadAssembly (178ms)
			ExecutionOrderSort (0ms)
			DisableScriptedObjects (0ms)
			BackupInstance (0ms)
			ReleaseScriptingObjects (0ms)
			CreateAndSetChildDomain (3ms)
		EndReloadAssembly (639ms)
			LoadAssemblies (174ms)
			RebuildTransferFunctionScriptingTraits (2ms)
			SetupTypeCache (218ms)
			ReleaseScriptCaches (0ms)
			RebuildScriptCaches (39ms)
			SetupLoadedEditorAssemblies (310ms)
				LogAssemblyErrors (0ms)
				InitializePlatformSupportModulesInManaged (14ms)
				SetLoadedEditorAssemblies (1ms)
				RefreshPlugins (123ms)
				BeforeProcessingInitializeOnLoad (2ms)
				ProcessInitializeOnLoadAttributes (132ms)
				ProcessInitializeOnLoadMethodAttributes (37ms)
				AfterProcessingInitializeOnLoad (0ms)
				EditorAssembliesLoaded (1ms)
			ExecutionOrderSort2 (0ms)
			AwakeInstancesAfterBackupRestoration (0ms)
Platform modules already initialized, skipping
Registering precompiled user dll's ...
Registered in 0.022565 seconds.
Begin MonoManager ReloadAssembly
Symbol file LoadedFromMemory doesn't match image C:\temp\Unity Projects\FMP\Frank's Toy Store\Library\PackageCache\com.unity.visualscripting@1.6.1\Editor\VisualScripting.Core\Dependencies\YamlDotNet\Unity.VisualScripting.YamlDotNet.dll
Symbol file LoadedFromMemory doesn't match image C:\temp\Unity Projects\FMP\Frank's Toy Store\Library\PackageCache\com.unity.visualscripting@1.6.1\Editor\VisualScripting.Core\Dependencies\DotNetZip\Unity.VisualScripting.IonicZip.dll
Native extension for LinuxStandalone target not found
Native extension for WindowsStandalone target not found
Native extension for OSXStandalone target not found
Native extension for WebGL target not found
Refreshing native plugins compatible for Editor in 0.69 ms, found 3 plugins.
Preloading 0 native plugins for Editor in 0.00 ms.
Mono: successfully reloaded assembly
- Completed reload, in  1.904 seconds
Domain Reload Profiling:
	ReloadAssembly (1905ms)
		BeginReloadAssembly (208ms)
			ExecutionOrderSort (0ms)
			DisableScriptedObjects (6ms)
			BackupInstance (0ms)
			ReleaseScriptingObjects (0ms)
			CreateAndSetChildDomain (26ms)
		EndReloadAssembly (1615ms)
			LoadAssemblies (241ms)
			RebuildTransferFunctionScriptingTraits (0ms)
			SetupTypeCache (498ms)
			ReleaseScriptCaches (1ms)
			RebuildScriptCaches (58ms)
			SetupLoadedEditorAssemblies (679ms)
				LogAssemblyErrors (0ms)
				InitializePlatformSupportModulesInManaged (11ms)
				SetLoadedEditorAssemblies (0ms)
				RefreshPlugins (1ms)
				BeforeProcessingInitializeOnLoad (89ms)
				ProcessInitializeOnLoadAttributes (557ms)
				ProcessInitializeOnLoadMethodAttributes (9ms)
				AfterProcessingInitializeOnLoad (12ms)
				EditorAssembliesLoaded (0ms)
			ExecutionOrderSort2 (0ms)
			AwakeInstancesAfterBackupRestoration (16ms)
Platform modules already initialized, skipping
========================================================================
Worker process is ready to serve import requests
Launched and connected shader compiler UnityShaderCompiler.exe after 0.17 seconds
Refreshing native plugins compatible for Editor in 0.74 ms, found 3 plugins.
Preloading 0 native plugins for Editor in 0.00 ms.
Unloading 2965 Unused Serialized files (Serialized files now loaded: 0)
System memory in use before: 108.4 MB.
System memory in use after: 108.5 MB.

Unloading 22 unused Assets to reduce memory usage. Loaded Objects now: 3410.
Total: 13.073600 ms (FindLiveObjects: 0.481800 ms CreateObjectMapping: 0.257400 ms MarkObjects: 12.188100 ms  DeleteObjects: 0.140400 ms)

AssetImportParameters requested are different than current active one (requested -> active):
  custom:framework-win-MediaFoundation: 216162199b28c13a410421893ffa2e32 -> 
  custom:video-decoder-ogg-theora: a1e56fd34408186e4bbccfd4996cb3dc -> 
  custom:container-muxer-webm: aa71ff27fc2769a1b78a27578f13a17b -> 
  custom:container-demuxer-webm: 4f35f7cbe854078d1ac9338744f61a02 -> 
  custom:container-demuxer-ogg: 62fdf1f143b41e24485cea50d1cbac27 -> 
  custom:video-encoder-webm-vp8: eb34c28f22e8b96e1ab97ce403110664 -> 
  custom:video-decoder-webm-vp8: 9c59270c3fd7afecdb556c50c9e8de78 -> 
  custom:audio-decoder-ogg-vorbis: bf7c407c2cedff20999df2af8eb42d56 -> 
  custom:audio-encoder-webm-vorbis: bf7c407c2cedff20999df2af8eb42d56 -> 
========================================================================
Received Import Request.
  path: Assets/3D Models/Table.obj
  artifactKey: Guid(bb4ae4f2286999a41a00808aab43c162) Importer(815301076,1909f56bfc062723c751e8b465ee728b)
Start importing Assets/3D Models/Table.obj using Guid(bb4ae4f2286999a41a00808aab43c162) Importer(815301076,1909f56bfc062723c751e8b465ee728b)  -> (artifact id: '9f140efdb0669463fc311a0e642e7ac3') in 0.698982 seconds 
========================================================================
Received Import Request.
  Time since last request: 0.001099 seconds.
  path: Assets/3D Models/Computer.obj
  artifactKey: Guid(ce3f97fce81aac44f9e5f350e6652751) Importer(815301076,1909f56bfc062723c751e8b465ee728b)
Start importing Assets/3D Models/Computer.obj using Guid(ce3f97fce81aac44f9e5f350e6652751) Importer(815301076,1909f56bfc062723c751e8b465ee728b)  -> (artifact id: 'a3a9e92d8901b802e6340b3ea4ba2cf1') in 0.205406 seconds 
========================================================================
Received Import Request.
  Time since last request: 0.000597 seconds.
  path: Assets/3D Models/Window.obj
  artifactKey: Guid(74e3673804f2a8c4693a0584993adeda) Importer(815301076,1909f56bfc062723c751e8b465ee728b)
Start importing Assets/3D Models/Window.obj using Guid(74e3673804f2a8c4693a0584993adeda) Importer(815301076,1909f56bfc062723c751e8b465ee728b)  -> (artifact id: '4df10f9c35745a02fa3cf8ad2880f23a') in 0.127991 seconds 
========================================================================
Received Import Request.
  Time since last request: 0.000546 seconds.
  path: Assets/3D Models/Clock.obj
  artifactKey: Guid(99fae73a2c7370947b90a6492558be0a) Importer(815301076,1909f56bfc062723c751e8b465ee728b)
Start importing Assets/3D Models/Clock.obj using Guid(99fae73a2c7370947b90a6492558be0a) Importer(815301076,1909f56bfc062723c751e8b465ee728b)  -> (artifact id: '83a42a2f761ddd27c79215fe96cce90c') in 0.117153 seconds 
========================================================================
Received Import Request.
  Time since last request: 0.000504 seconds.
  path: Assets/3D Models/Toy Store.obj
  artifactKey: Guid(d736606580e207241aa8dce20dd9d567) Importer(815301076,1909f56bfc062723c751e8b465ee728b)
Start importing Assets/3D Models/Toy Store.obj using Guid(d736606580e207241aa8dce20dd9d567) Importer(815301076,1909f56bfc062723c751e8b465ee728b)  -> (artifact id: '6796fef1381611009e83d34839e442db') in 0.087954 seconds 
========================================================================
Received Import Request.
  Time since last request: 0.000345 seconds.
  path: Assets/3D Models/GrumbloFigure.obj
  artifactKey: Guid(2752e09b43268784a8af1ab908ff0507) Importer(815301076,1909f56bfc062723c751e8b465ee728b)
Start importing Assets/3D Models/GrumbloFigure.obj using Guid(2752e09b43268784a8af1ab908ff0507) Importer(815301076,1909f56bfc062723c751e8b465ee728b)  -> (artifact id: '23e0e76f5557d61d3c41bfc922fe4a40') in 0.144741 seconds 
========================================================================
Received Import Request.
  Time since last request: 0.000528 seconds.
  path: Assets/3D Models/ButtonHolders.obj
  artifactKey: Guid(9dffe4a49fcfc8c409c8d54dd8eb96ec) Importer(815301076,1909f56bfc062723c751e8b465ee728b)
Start importing Assets/3D Models/ButtonHolders.obj using Guid(9dffe4a49fcfc8c409c8d54dd8eb96ec) Importer(815301076,1909f56bfc062723c751e8b465ee728b)  -> (artifact id: 'a9324599120c39b7c30b8974619bc6a0') in 0.117673 seconds 
========================================================================
Received Import Request.
  Time since last request: 0.000300 seconds.
  path: Assets/3D Models/LDoor.obj
  artifactKey: Guid(ab2fbfa8668a3484f9c06f25e4472e24) Importer(815301076,1909f56bfc062723c751e8b465ee728b)
Start importing Assets/3D Models/LDoor.obj using Guid(ab2fbfa8668a3484f9c06f25e4472e24) Importer(815301076,1909f56bfc062723c751e8b465ee728b)  -> (artifact id: '4bd9ed419d78d921732581a42c049670') in 0.101114 seconds 
========================================================================
Received Import Request.
  Time since last request: 0.000431 seconds.
  path: Assets/3D Models/Neon Sign.obj
  artifactKey: Guid(1703959db3368cb4ead4de8edcc2feda) Importer(815301076,1909f56bfc062723c751e8b465ee728b)
Start importing Assets/3D Models/Neon Sign.obj using Guid(1703959db3368cb4ead4de8edcc2feda) Importer(815301076,1909f56bfc062723c751e8b465ee728b)  -> (artifact id: '126a5830d350727e2ed8c151cb0f6f4a') in 0.096185 seconds 
========================================================================
Received Import Request.
  Time since last request: 0.000309 seconds.
  path: Assets/3D Models/Roof.obj
  artifactKey: Guid(1985d52f689e5c54da4070f99b87055d) Importer(815301076,1909f56bfc062723c751e8b465ee728b)
Start importing Assets/3D Models/Roof.obj using Guid(1985d52f689e5c54da4070f99b87055d) Importer(815301076,1909f56bfc062723c751e8b465ee728b)  -> (artifact id: '02ed47620ebf36e63fffcf6191fe9674') in 0.136191 seconds 
========================================================================
Received Import Request.
  Time since last request: 0.000278 seconds.
  path: Assets/3D Models/KeyboardAndMouse.obj
  artifactKey: Guid(a498c5e9ac818224792f3c5fd8926e08) Importer(815301076,1909f56bfc062723c751e8b465ee728b)
Start importing Assets/3D Models/KeyboardAndMouse.obj using Guid(a498c5e9ac818224792f3c5fd8926e08) Importer(815301076,1909f56bfc062723c751e8b465ee728b)  -> (artifact id: '4ce6190b660270f0cbfe157d6a19f13a') in 0.104588 seconds 
========================================================================
Received Import Request.
  Time since last request: 0.000765 seconds.
  path: Assets/3D Models/RDoor.obj
  artifactKey: Guid(26dcfd760d0f2cd42b39767a184ee559) Importer(815301076,1909f56bfc062723c751e8b465ee728b)
Start importing Assets/3D Models/RDoor.obj using Guid(26dcfd760d0f2cd42b39767a184ee559) Importer(815301076,1909f56bfc062723c751e8b465ee728b)  -> (artifact id: '005f674c6d1c4c965f986993375bd08e') in 0.156476 seconds 
========================================================================
Received Import Request.
  Time since last request: 0.000494 seconds.
  path: Assets/3D Models
  artifactKey: Guid(555302b495b631f428165f8be68afb0c) Importer(815301076,1909f56bfc062723c751e8b465ee728b)
Start importing Assets/3D Models using Guid(555302b495b631f428165f8be68afb0c) Importer(815301076,1909f56bfc062723c751e8b465ee728b)  -> (artifact id: 'a6785ada3857ae411083e48365a50986') in 0.013391 seconds 
========================================================================
Received Import Request.
  Time since last request: 0.000463 seconds.
  path: Assets/3D Models/Monitor.obj
  artifactKey: Guid(48ed90e83bbd62243ac588a3dae701e5) Importer(815301076,1909f56bfc062723c751e8b465ee728b)
Start importing Assets/3D Models/Monitor.obj using Guid(48ed90e83bbd62243ac588a3dae701e5) Importer(815301076,1909f56bfc062723c751e8b465ee728b)  -> (artifact id: 'e04adaea799f6c0a81ae35b7c29acd29') in 0.156299 seconds 
========================================================================
Received Import Request.
  Time since last request: 3.071627 seconds.
  path: Assets/3D Models/Neon Sign.mtl
  artifactKey: Guid(b40ff40388d833b44a20015c87a010f3) Importer(815301076,1909f56bfc062723c751e8b465ee728b)
Start importing Assets/3D Models/Neon Sign.mtl using Guid(b40ff40388d833b44a20015c87a010f3) Importer(815301076,1909f56bfc062723c751e8b465ee728b)  -> (artifact id: 'cd243627869f59b25584d77c64600111') in 0.014214 seconds 
========================================================================
Received Import Request.
  Time since last request: 31.994371 seconds.
  path: Assets/Materials/ToyTexture.mat
  artifactKey: Guid(35a93f03096d7704caf35258dd74d50c) Importer(815301076,1909f56bfc062723c751e8b465ee728b)
Start importing Assets/Materials/ToyTexture.mat using Guid(35a93f03096d7704caf35258dd74d50c) Importer(815301076,1909f56bfc062723c751e8b465ee728b)  -> (artifact id: '8f1437fb45fc75b744e259ac5f76bcc4') in 0.073449 seconds 
========================================================================
Received Import Request.
  Time since last request: 1.577699 seconds.
  path: Assets/Materials/3DButtons/OFFDoor.mat
  artifactKey: Guid(53400c78862d6f34ca96992a0e075a53) Importer(815301076,1909f56bfc062723c751e8b465ee728b)
Start importing Assets/Materials/3DButtons/OFFDoor.mat using Guid(53400c78862d6f34ca96992a0e075a53) Importer(815301076,1909f56bfc062723c751e8b465ee728b)  -> (artifact id: 'd36d19c2502538cdf5687b9c98c36e14') in 0.017902 seconds 
========================================================================
Received Import Request.
  Time since last request: 0.000475 seconds.
  path: Assets/Materials/3DButtons/ONLight.mat
  artifactKey: Guid(6a91515ee86e0c84fa205daa383f736b) Importer(815301076,1909f56bfc062723c751e8b465ee728b)
Start importing Assets/Materials/3DButtons/ONLight.mat using Guid(6a91515ee86e0c84fa205daa383f736b) Importer(815301076,1909f56bfc062723c751e8b465ee728b)  -> (artifact id: '8302f09a39a53b8896e95c0a2c35a03c') in 0.021254 seconds 
========================================================================
Received Import Request.
  Time since last request: 0.000375 seconds.
  path: Assets/Materials/3DButtons/OnDoor.mat
  artifactKey: Guid(a58ceea76109be14bbc5cea202dbdcdd) Importer(815301076,1909f56bfc062723c751e8b465ee728b)
Start importing Assets/Materials/3DButtons/OnDoor.mat using Guid(a58ceea76109be14bbc5cea202dbdcdd) Importer(815301076,1909f56bfc062723c751e8b465ee728b)  -> (artifact id: 'b7c23412954d766e6c2d1f5d8c26b73c') in 0.042767 seconds 
========================================================================
Received Import Request.
  Time since last request: 0.000343 seconds.
  path: Assets/Materials/3DButtons/OFFLight.mat
  artifactKey: Guid(d9e9f23e8b7762947a125817334cd04f) Importer(815301076,1909f56bfc062723c751e8b465ee728b)
Start importing Assets/Materials/3DButtons/OFFLight.mat using Guid(d9e9f23e8b7762947a125817334cd04f) Importer(815301076,1909f56bfc062723c751e8b465ee728b)  -> (artifact id: 'ac69e422dd9b0d94ac0569a143880b6e') in 0.039696 seconds 
========================================================================
Received Import Request.
  Time since last request: 109.355344 seconds.
  path: Assets/3D Models/Stage.obj
  artifactKey: Guid(b3536872e5518184d87a0f08eaf355fa) Importer(815301076,1909f56bfc062723c751e8b465ee728b)
Start importing Assets/3D Models/Stage.obj using Guid(b3536872e5518184d87a0f08eaf355fa) Importer(815301076,1909f56bfc062723c751e8b465ee728b)  -> (artifact id: 'ce801037e96dbd014ba7a248c5e5ee1b') in 0.196205 seconds 
========================================================================
Received Import Request.
  Time since last request: 22.523727 seconds.
  path: Assets/Materials/Models
  artifactKey: Guid(fe352a2211a3d3b4b9ffd9d028adc63e) Importer(815301076,1909f56bfc062723c751e8b465ee728b)
Start importing Assets/Materials/Models using Guid(fe352a2211a3d3b4b9ffd9d028adc63e) Importer(815301076,1909f56bfc062723c751e8b465ee728b)  -> (artifact id: 'cf946e0aec8f25b845951e29aff44305') in 0.018995 seconds 
========================================================================
Received Import Request.
  Time since last request: 0.061990 seconds.
  path: Assets/Materials/Models/AlarmTexture.mat
  artifactKey: Guid(8e53f251c87a43248a3968b92057891b) Importer(815301076,1909f56bfc062723c751e8b465ee728b)
Start importing Assets/Materials/Models/AlarmTexture.mat using Guid(8e53f251c87a43248a3968b92057891b) Importer(815301076,1909f56bfc062723c751e8b465ee728b)  -> (artifact id: '522dd8a45a488261b7273343023be1f6') in 0.148784 seconds 
========================================================================
Received Import Request.
  Time since last request: 0.000345 seconds.
  path: Assets/Materials/Models/LDoorTexture.mat
  artifactKey: Guid(25def3583d1142d4d9ec2739d0e384e0) Importer(815301076,1909f56bfc062723c751e8b465ee728b)
Start importing Assets/Materials/Models/LDoorTexture.mat using Guid(25def3583d1142d4d9ec2739d0e384e0) Importer(815301076,1909f56bfc062723c751e8b465ee728b)  -> (artifact id: 'f418a6946c028824bd488d1354ce80aa') in 0.067124 seconds 
========================================================================
Received Import Request.
  Time since last request: 0.000411 seconds.
  path: Assets/Materials/Models/ButtonTexture.mat
  artifactKey: Guid(aa3ad72cdac595847b7b2308623eba1b) Importer(815301076,1909f56bfc062723c751e8b465ee728b)
Start importing Assets/Materials/Models/ButtonTexture.mat using Guid(aa3ad72cdac595847b7b2308623eba1b) Importer(815301076,1909f56bfc062723c751e8b465ee728b)  -> (artifact id: 'b2b708c12a3239eb1c731d74460b7826') in 0.048460 seconds 
========================================================================
Received Import Request.
  Time since last request: 0.000329 seconds.
  path: Assets/Materials/Models/Building Texture.mat
  artifactKey: Guid(ef7a9b502a0b8df42b50331214f8c310) Importer(815301076,1909f56bfc062723c751e8b465ee728b)
Start importing Assets/Materials/Models/Building Texture.mat using Guid(ef7a9b502a0b8df42b50331214f8c310) Importer(815301076,1909f56bfc062723c751e8b465ee728b)  -> (artifact id: '3086d458252884bba783310aa8359e08') in 0.195212 seconds 
========================================================================
Received Import Request.
  Time since last request: 0.000438 seconds.
  path: Assets/Materials/Models/RDoorTexture.mat
  artifactKey: Guid(ed6326473a16fd74f935083125eb63c7) Importer(815301076,1909f56bfc062723c751e8b465ee728b)
Start importing Assets/Materials/Models/RDoorTexture.mat using Guid(ed6326473a16fd74f935083125eb63c7) Importer(815301076,1909f56bfc062723c751e8b465ee728b)  -> (artifact id: 'faa6ea2124679a77f448ed3656758060') in 0.060672 seconds 
========================================================================
Received Import Request.
  Time since last request: 0.000302 seconds.
  path: Assets/Materials/Models/WindowTexture.mat
  artifactKey: Guid(7a875d2a35631bd46a66870f46eceee2) Importer(815301076,1909f56bfc062723c751e8b465ee728b)
Start importing Assets/Materials/Models/WindowTexture.mat using Guid(7a875d2a35631bd46a66870f46eceee2) Importer(815301076,1909f56bfc062723c751e8b465ee728b)  -> (artifact id: 'f614c5cdc3027f1f690e0129ce324493') in 0.058620 seconds 
========================================================================
Received Import Request.
  Time since last request: 0.000260 seconds.
  path: Assets/Materials/Models/Green LED.mat
  artifactKey: Guid(d9e36fa2702abcd43ae9d084244da08e) Importer(815301076,1909f56bfc062723c751e8b465ee728b)
Start importing Assets/Materials/Models/Green LED.mat using Guid(d9e36fa2702abcd43ae9d084244da08e) Importer(815301076,1909f56bfc062723c751e8b465ee728b)  -> (artifact id: 'ec6ff3da00f2c4b929eb8795bd2751c0') in 0.078139 seconds 
========================================================================
Received Import Request.
  Time since last request: 0.000946 seconds.
  path: Assets/Materials/Models/RoofTexture.mat
  artifactKey: Guid(96fdd1f5ae8156248ab005f4bafc3462) Importer(815301076,1909f56bfc062723c751e8b465ee728b)
Start importing Assets/Materials/Models/RoofTexture.mat using Guid(96fdd1f5ae8156248ab005f4bafc3462) Importer(815301076,1909f56bfc062723c751e8b465ee728b)  -> (artifact id: 'ac261382c2b296d59a932352f03fd0d3') in 0.080169 seconds 
========================================================================
Received Import Request.
  Time since last request: 0.000427 seconds.
  path: Assets/Materials/Models/KeyboardAndMouseTexture.mat
  artifactKey: Guid(6cb37169ea7da6741a78ccb7bfc83c26) Importer(815301076,1909f56bfc062723c751e8b465ee728b)
Start importing Assets/Materials/Models/KeyboardAndMouseTexture.mat using Guid(6cb37169ea7da6741a78ccb7bfc83c26) Importer(815301076,1909f56bfc062723c751e8b465ee728b)  -> (artifact id: '5b74ea62ca8afa3c6c22677439925f76') in 0.069258 seconds 
========================================================================
Received Import Request.
  Time since last request: 0.000949 seconds.
  path: Assets/Materials/Models/MonitorTexture.mat
  artifactKey: Guid(515e51930863cc04d89d85b69a1f0d8a) Importer(815301076,1909f56bfc062723c751e8b465ee728b)
Start importing Assets/Materials/Models/MonitorTexture.mat using Guid(515e51930863cc04d89d85b69a1f0d8a) Importer(815301076,1909f56bfc062723c751e8b465ee728b)  -> (artifact id: '4a56c236ecd8c913fa0a8b3cc5e55a5a') in 0.054639 seconds 
========================================================================
Received Import Request.
  Time since last request: 0.000661 seconds.
  path: Assets/Materials/Models/TableTexture.mat
  artifactKey: Guid(1846f6047841e484384049862866277d) Importer(815301076,1909f56bfc062723c751e8b465ee728b)
Start importing Assets/Materials/Models/TableTexture.mat using Guid(1846f6047841e484384049862866277d) Importer(815301076,1909f56bfc062723c751e8b465ee728b)  -> (artifact id: '163b05c6e2f9df3c2f7234d46c9a791c') in 0.081690 seconds 
========================================================================
Received Import Request.
  Time since last request: 0.000487 seconds.
  path: Assets/Materials/Models/ComputerTexture.mat
  artifactKey: Guid(7296ec4dea961a247abba3d8adad9e44) Importer(815301076,1909f56bfc062723c751e8b465ee728b)
Start importing Assets/Materials/Models/ComputerTexture.mat using Guid(7296ec4dea961a247abba3d8adad9e44) Importer(815301076,1909f56bfc062723c751e8b465ee728b)  -> (artifact id: '48af8c1050c9983269bf1ecfc5ab1738') in 0.069849 seconds 
========================================================================
Received Import Request.
  Time since last request: 334.628809 seconds.
  path: Assets/Textures/AlarmTexture.png
  artifactKey: Guid(7dcec554cb485f34fa447c46d05aa6ba) Importer(815301076,1909f56bfc062723c751e8b465ee728b)
Start importing Assets/Textures/AlarmTexture.png using Guid(7dcec554cb485f34fa447c46d05aa6ba) Importer(815301076,1909f56bfc062723c751e8b465ee728b)  -> (artifact id: '0f58b9d6096c168a2827c83d8891d7b1') in 0.530735 seconds 
========================================================================
Received Import Request.
  Time since last request: 0.000453 seconds.
  path: Assets/Textures/KeyboardAndMouseTexture.png
  artifactKey: Guid(c4e341c1381398a4b852d34970ab1051) Importer(815301076,1909f56bfc062723c751e8b465ee728b)
Start importing Assets/Textures/KeyboardAndMouseTexture.png using Guid(c4e341c1381398a4b852d34970ab1051) Importer(815301076,1909f56bfc062723c751e8b465ee728b)  -> (artifact id: 'aa75056cac4b3624910774f7fb0de3bf') in 0.043393 seconds 
========================================================================
Received Import Request.
  Time since last request: 0.000477 seconds.
  path: Assets/Textures/TableTexture.png
  artifactKey: Guid(724138788e082da449d78c4fb6705d65) Importer(815301076,1909f56bfc062723c751e8b465ee728b)
Start importing Assets/Textures/TableTexture.png using Guid(724138788e082da449d78c4fb6705d65) Importer(815301076,1909f56bfc062723c751e8b465ee728b)  -> (artifact id: '0d8d28947fb2b96b5339c626c0d7b11a') in 0.044764 seconds 
========================================================================
Received Import Request.
  Time since last request: 0.000334 seconds.
  path: Assets/Textures/ComputerTexture.png
  artifactKey: Guid(fa20953285da89142b1d66858e4a2a4c) Importer(815301076,1909f56bfc062723c751e8b465ee728b)
Start importing Assets/Textures/ComputerTexture.png using Guid(fa20953285da89142b1d66858e4a2a4c) Importer(815301076,1909f56bfc062723c751e8b465ee728b)  -> (artifact id: 'f195007bbd70cb71a2b3e34660228dfc') in 0.040400 seconds 
========================================================================
Received Import Request.
  Time since last request: 0.000258 seconds.
  path: Assets/Textures/WindowTexture.png
  artifactKey: Guid(e1014ac597344924393024deb5710df4) Importer(815301076,1909f56bfc062723c751e8b465ee728b)
Start importing Assets/Textures/WindowTexture.png using Guid(e1014ac597344924393024deb5710df4) Importer(815301076,1909f56bfc062723c751e8b465ee728b)  -> (artifact id: '5647b6dd702a062678bcf027ae444f92') in 0.028316 seconds 
========================================================================
Received Import Request.
  Time since last request: 0.000630 seconds.
  path: Assets/Textures/Building Texture.png
  artifactKey: Guid(b62dc004ef7a3244da7bcf34262e3b90) Importer(815301076,1909f56bfc062723c751e8b465ee728b)
Start importing Assets/Textures/Building Texture.png using Guid(b62dc004ef7a3244da7bcf34262e3b90) Importer(815301076,1909f56bfc062723c751e8b465ee728b)  -> (artifact id: '3c883db4cf4b016633da7820bf523e26') in 0.180732 seconds 
========================================================================
Received Import Request.
  Time since last request: 0.000410 seconds.
  path: Assets/Textures/RoofTexture.png
  artifactKey: Guid(d45edc91f4f12fa4394f7edabcc065bd) Importer(815301076,1909f56bfc062723c751e8b465ee728b)
Start importing Assets/Textures/RoofTexture.png using Guid(d45edc91f4f12fa4394f7edabcc065bd) Importer(815301076,1909f56bfc062723c751e8b465ee728b)  -> (artifact id: 'bcbf948370f3d6fa35bc725bfa7f917f') in 0.051293 seconds 
========================================================================
Received Import Request.
  Time since last request: 0.000353 seconds.
  path: Assets/Textures/ToyTexture.png
  artifactKey: Guid(d28073a27a4968a4b88fb507679bd95a) Importer(815301076,1909f56bfc062723c751e8b465ee728b)
Start importing Assets/Textures/ToyTexture.png using Guid(d28073a27a4968a4b88fb507679bd95a) Importer(815301076,1909f56bfc062723c751e8b465ee728b)  -> (artifact id: 'ef29c5e1ada1e601fdee8771efe4527c') in 0.026750 seconds 
========================================================================
Received Import Request.
  Time since last request: 0.000323 seconds.
  path: Assets/Textures/LDoorTexture.png
  artifactKey: Guid(408dd0e198d225a4fa49bd2956e8f7b3) Importer(815301076,1909f56bfc062723c751e8b465ee728b)
Start importing Assets/Textures/LDoorTexture.png using Guid(408dd0e198d225a4fa49bd2956e8f7b3) Importer(815301076,1909f56bfc062723c751e8b465ee728b)  -> (artifact id: '00cd9db449e8ec7d04f3b40b3559cbce') in 0.051490 seconds 
========================================================================
Received Import Request.
  Time since last request: 0.000221 seconds.
  path: Assets/Textures/MonitorTexture.png
  artifactKey: Guid(8609e00a2f34e024c88d329ea90bfd6f) Importer(815301076,1909f56bfc062723c751e8b465ee728b)
Start importing Assets/Textures/MonitorTexture.png using Guid(8609e00a2f34e024c88d329ea90bfd6f) Importer(815301076,1909f56bfc062723c751e8b465ee728b)  -> (artifact id: '5e5f308eba3e8114c3e940b93e3f203c') in 0.022563 seconds 
========================================================================
Received Import Request.
  Time since last request: 0.000305 seconds.
  path: Assets/Textures/RDoorTexture.png
  artifactKey: Guid(a26e16512b86e8a4fb465ce4a68b3fce) Importer(815301076,1909f56bfc062723c751e8b465ee728b)
Start importing Assets/Textures/RDoorTexture.png using Guid(a26e16512b86e8a4fb465ce4a68b3fce) Importer(815301076,1909f56bfc062723c751e8b465ee728b)  -> (artifact id: '883d0bd479f28254e2a7c1da2e645b09') in 0.036670 seconds 
========================================================================
Received Import Request.
  Time since last request: 0.000871 seconds.
  path: Assets/Textures/ButtonTexture.png
  artifactKey: Guid(0e31f91a161fc254588fd0d012d8b893) Importer(815301076,1909f56bfc062723c751e8b465ee728b)
Start importing Assets/Textures/ButtonTexture.png using Guid(0e31f91a161fc254588fd0d012d8b893) Importer(815301076,1909f56bfc062723c751e8b465ee728b)  -> (artifact id: '352988aafcc3a3be40bdae0e746d9875') in 0.028265 seconds 
========================================================================
Received Import Request.
  Time since last request: 0.000343 seconds.
  path: Assets/Textures/Stage Diffuse.png
  artifactKey: Guid(e3da0272ae59ce847a92c2a723adbfcb) Importer(815301076,1909f56bfc062723c751e8b465ee728b)
Start importing Assets/Textures/Stage Diffuse.png using Guid(e3da0272ae59ce847a92c2a723adbfcb) Importer(815301076,1909f56bfc062723c751e8b465ee728b)  -> (artifact id: '0157ed4cc5588e61583daca81cadf1a7') in 0.039683 seconds 
========================================================================
Received Import Request.
  Time since last request: 43.878534 seconds.
  path: Assets/3D Models/Stage.obj
  artifactKey: Guid(b3536872e5518184d87a0f08eaf355fa) Importer(815301076,1909f56bfc062723c751e8b465ee728b)
Start importing Assets/3D Models/Stage.obj using Guid(b3536872e5518184d87a0f08eaf355fa) Importer(815301076,1909f56bfc062723c751e8b465ee728b)  -> (artifact id: '4e1f0d3049fc6e1a6be3054f638596de') in 0.411568 seconds 
========================================================================
Received Import Request.
  Time since last request: 1412.858706 seconds.
  path: Assets/Materials/Stage Diffuse.mat
  artifactKey: Guid(3148b5f2aa3b41c46844ae1f2371ca0e) Importer(815301076,1909f56bfc062723c751e8b465ee728b)
Start importing Assets/Materials/Stage Diffuse.mat using Guid(3148b5f2aa3b41c46844ae1f2371ca0e) Importer(815301076,1909f56bfc062723c751e8b465ee728b)  -> (artifact id: 'a7ec86d84c24997521e805f880b9ae75') in 0.026957 seconds 
========================================================================
Received Import Request.
  Time since last request: 4.453780 seconds.
  path: Assets/Materials/OFFDoor 1.mat
  artifactKey: Guid(2348d5ccd6b7a5d40bfed932d3f84dfc) Importer(815301076,1909f56bfc062723c751e8b465ee728b)
Start importing Assets/Materials/OFFDoor 1.mat using Guid(2348d5ccd6b7a5d40bfed932d3f84dfc) Importer(815301076,1909f56bfc062723c751e8b465ee728b)  -> (artifact id: '8782a414b0248c052ca831bd7e61a258') in 0.016517 seconds 
========================================================================
Received Import Request.
  Time since last request: 4.643522 seconds.
  path: Assets/Materials/Models/Sign.mat
  artifactKey: Guid(2348d5ccd6b7a5d40bfed932d3f84dfc) Importer(815301076,1909f56bfc062723c751e8b465ee728b)
Start importing Assets/Materials/Models/Sign.mat using Guid(2348d5ccd6b7a5d40bfed932d3f84dfc) Importer(815301076,1909f56bfc062723c751e8b465ee728b)  -> (artifact id: '1c7ef85fc8503b9fc8331d35304baa86') in 0.026661 seconds 
========================================================================
Received Import Request.
  Time since last request: 24.896797 seconds.
  path: Assets/Materials/Models/Sign.mat
  artifactKey: Guid(2348d5ccd6b7a5d40bfed932d3f84dfc) Importer(815301076,1909f56bfc062723c751e8b465ee728b)
Start importing Assets/Materials/Models/Sign.mat using Guid(2348d5ccd6b7a5d40bfed932d3f84dfc) Importer(815301076,1909f56bfc062723c751e8b465ee728b)  -> (artifact id: '32fa60ec16521316747bd1d171ec43fa') in 0.029017 seconds 
========================================================================
Received Import Request.
  Time since last request: 5716.202116 seconds.
  path: Assets/3D Models/Shelves.obj
  artifactKey: Guid(289f600f059997c46918d28f5075b3de) Importer(815301076,1909f56bfc062723c751e8b465ee728b)
Start importing Assets/3D Models/Shelves.obj using Guid(289f600f059997c46918d28f5075b3de) Importer(815301076,1909f56bfc062723c751e8b465ee728b)  -> (artifact id: '0818715d112c4977f9e404a0ef07b0ec') in 0.257108 seconds 
========================================================================
Received Import Request.
  Time since last request: 309.580167 seconds.
  path: Assets/Textures/Shelves Diffuse.png
  artifactKey: Guid(37f5f6fb8454d6e44a78b01b7f5293f1) Importer(815301076,1909f56bfc062723c751e8b465ee728b)
Start importing Assets/Textures/Shelves Diffuse.png using Guid(37f5f6fb8454d6e44a78b01b7f5293f1) Importer(815301076,1909f56bfc062723c751e8b465ee728b)  -> (artifact id: 'd538b7e45369d601682bf5bf9928701f') in 0.073373 seconds 
========================================================================
Received Import Request.
  Time since last request: 15.620453 seconds.
  path: Assets/Materials/Robots/Bernard Base.mat
  artifactKey: Guid(dde81a6fe60255745ab55f2e9ef9c8f4) Importer(815301076,1909f56bfc062723c751e8b465ee728b)
Start importing Assets/Materials/Robots/Bernard Base.mat using Guid(dde81a6fe60255745ab55f2e9ef9c8f4) Importer(815301076,1909f56bfc062723c751e8b465ee728b)  -> (artifact id: '5e917f4217c6692886dc0550c7ab033e') in 0.169880 seconds 
========================================================================
Received Import Request.
  Time since last request: 0.000407 seconds.
  path: Assets/Materials/Robots/Eyeball Full.mat
  artifactKey: Guid(03e74b01f8219d148b99fc464d8957a1) Importer(815301076,1909f56bfc062723c751e8b465ee728b)
Start importing Assets/Materials/Robots/Eyeball Full.mat using Guid(03e74b01f8219d148b99fc464d8957a1) Importer(815301076,1909f56bfc062723c751e8b465ee728b)  -> (artifact id: 'fdb2b18a45475d3f27d4da7e71328fb7') in 0.079785 seconds 
========================================================================
Received Import Request.
  Time since last request: 0.000343 seconds.
  path: Assets/Materials/Robots/Orville Base.mat
  artifactKey: Guid(9634e14131970ee41906cac8d282b4e0) Importer(815301076,1909f56bfc062723c751e8b465ee728b)
Start importing Assets/Materials/Robots/Orville Base.mat using Guid(9634e14131970ee41906cac8d282b4e0) Importer(815301076,1909f56bfc062723c751e8b465ee728b)  -> (artifact id: '96619c472d07ccc16a2dfc3f0b37934f') in 0.065445 seconds 
========================================================================
Received Import Request.
  Time since last request: 0.000336 seconds.
  path: Assets/Materials/Robots/Frank Head.mat
  artifactKey: Guid(6e5e4353fa46481428793fede880050a) Importer(815301076,1909f56bfc062723c751e8b465ee728b)
Start importing Assets/Materials/Robots/Frank Head.mat using Guid(6e5e4353fa46481428793fede880050a) Importer(815301076,1909f56bfc062723c751e8b465ee728b)  -> (artifact id: 'cd9796a4dc5ee7f9ca40cc9e816feafd') in 0.071756 seconds 
========================================================================
Received Import Request.
  Time since last request: 0.000312 seconds.
  path: Assets/Materials/Robots/Frank Limbs.mat
  artifactKey: Guid(4d101b0eef55c3348b900f1800391daf) Importer(815301076,1909f56bfc062723c751e8b465ee728b)
Start importing Assets/Materials/Robots/Frank Limbs.mat using Guid(4d101b0eef55c3348b900f1800391daf) Importer(815301076,1909f56bfc062723c751e8b465ee728b)  -> (artifact id: '495d7bd913883f45b45b80ffba22b601') in 0.065796 seconds 
========================================================================
Received Import Request.
  Time since last request: 0.000302 seconds.
  path: Assets/Materials/Robots/Frank Base.mat
  artifactKey: Guid(8e9d0190b635e274c80d35c95418d3d9) Importer(815301076,1909f56bfc062723c751e8b465ee728b)
Start importing Assets/Materials/Robots/Frank Base.mat using Guid(8e9d0190b635e274c80d35c95418d3d9) Importer(815301076,1909f56bfc062723c751e8b465ee728b)  -> (artifact id: '2a26538d70ea1d219e14128a9535d3df') in 0.053669 seconds 
========================================================================
Received Import Request.
  Time since last request: 0.000392 seconds.
  path: Assets/Materials/Robots/Metal Bits.mat
  artifactKey: Guid(5812a97a94e64204a9d9fc0351b4014d) Importer(815301076,1909f56bfc062723c751e8b465ee728b)
Start importing Assets/Materials/Robots/Metal Bits.mat using Guid(5812a97a94e64204a9d9fc0351b4014d) Importer(815301076,1909f56bfc062723c751e8b465ee728b)  -> (artifact id: 'd576e5b687ab721fe2aed8ab48949566') in 0.026547 seconds 
========================================================================
Received Import Request.
  Time since last request: 0.000363 seconds.
  path: Assets/Materials/Robots/Teeth.mat
  artifactKey: Guid(7f98b0cc980d9d54a86c7f5039b04874) Importer(815301076,1909f56bfc062723c751e8b465ee728b)
Start importing Assets/Materials/Robots/Teeth.mat using Guid(7f98b0cc980d9d54a86c7f5039b04874) Importer(815301076,1909f56bfc062723c751e8b465ee728b)  -> (artifact id: 'db89976b79e21cd7920716deae0f2304') in 0.030335 seconds 
========================================================================
Received Import Request.
  Time since last request: 0.239867 seconds.
  path: Assets/Materials/Shelves Diffuse.mat
  artifactKey: Guid(795f1b9c99870594389defef77c74425) Importer(815301076,1909f56bfc062723c751e8b465ee728b)
Start importing Assets/Materials/Shelves Diffuse.mat using Guid(795f1b9c99870594389defef77c74425) Importer(815301076,1909f56bfc062723c751e8b465ee728b)  -> (artifact id: '2819f7ea949818ab79e0e4fdd5ab0665') in 0.025222 seconds 
========================================================================
Received Import Request.
  Time since last request: 45.471621 seconds.
  path: Assets/Materials/Models/Building Texture.mat
  artifactKey: Guid(ef7a9b502a0b8df42b50331214f8c310) Importer(815301076,1909f56bfc062723c751e8b465ee728b)
Start importing Assets/Materials/Models/Building Texture.mat using Guid(ef7a9b502a0b8df42b50331214f8c310) Importer(815301076,1909f56bfc062723c751e8b465ee728b)  -> (artifact id: '42198af20d2e1fd928861190213ffa71') in 0.195108 seconds 
========================================================================
Received Import Request.
  Time since last request: 423.602236 seconds.
  path: Assets/Sounds/Garbled_Speech.ogg
  artifactKey: Guid(4b781f451919e254a8726706cd89daf8) Importer(815301076,1909f56bfc062723c751e8b465ee728b)
Start importing Assets/Sounds/Garbled_Speech.ogg using Guid(4b781f451919e254a8726706cd89daf8) Importer(815301076,1909f56bfc062723c751e8b465ee728b)  -> (artifact id: 'b0b700295fe1e250b0d5554fdd661e96') in 0.374070 seconds 
========================================================================
Received Import Request.
  Time since last request: 0.000623 seconds.
  path: Assets/Sounds/Slam.ogg
  artifactKey: Guid(aa1b2a51a06231e40871ccf4f4bf94fe) Importer(815301076,1909f56bfc062723c751e8b465ee728b)
Start importing Assets/Sounds/Slam.ogg using Guid(aa1b2a51a06231e40871ccf4f4bf94fe) Importer(815301076,1909f56bfc062723c751e8b465ee728b)  -> (artifact id: '84910e51a842b90e2a822c24603c7787') in 0.043503 seconds 
========================================================================
Received Import Request.
  Time since last request: 0.000423 seconds.
  path: Assets/Sounds/Light_Buzz.ogg
  artifactKey: Guid(566477de086391c468e6ccf07e7e9621) Importer(815301076,1909f56bfc062723c751e8b465ee728b)
Start importing Assets/Sounds/Light_Buzz.ogg using Guid(566477de086391c468e6ccf07e7e9621) Importer(815301076,1909f56bfc062723c751e8b465ee728b)  -> (artifact id: '161ff951f3fbd2fffb3de17fac5efb2f') in 0.035054 seconds 
========================================================================
Received Import Request.
  Time since last request: 172.057624 seconds.
  path: Assets/Scripts
  artifactKey: Guid(b3e66e67e8a60a04ca9211c7a6197d0e) Importer(815301076,1909f56bfc062723c751e8b465ee728b)
Start importing Assets/Scripts using Guid(b3e66e67e8a60a04ca9211c7a6197d0e) Importer(815301076,1909f56bfc062723c751e8b465ee728b)  -> (artifact id: 'e2be1056e34156a9316f26c9e56c4d01') in 0.017653 seconds 
========================================================================
Received Import Request.
  Time since last request: 1.009363 seconds.
  path: Assets/Scripts/Core
  artifactKey: Guid(4450c4d8b003fc4429d88814e3ed53b4) Importer(815301076,1909f56bfc062723c751e8b465ee728b)
Start importing Assets/Scripts/Core using Guid(4450c4d8b003fc4429d88814e3ed53b4) Importer(815301076,1909f56bfc062723c751e8b465ee728b)  -> (artifact id: '105122468dde89dd28d7f5f0e1b59b61') in 0.016733 seconds 
========================================================================
Received Import Request.
  Time since last request: 2.979428 seconds.
  path: Assets/Scripts/Core/ButtonScript.cs
  artifactKey: Guid(814e4a7cb05a1054682b5494d9323e92) Importer(815301076,1909f56bfc062723c751e8b465ee728b)
Start importing Assets/Scripts/Core/ButtonScript.cs using Guid(814e4a7cb05a1054682b5494d9323e92) Importer(815301076,1909f56bfc062723c751e8b465ee728b)  -> (artifact id: '986b20ef5004cf6ee29f569bfc9f780b') in 0.030425 seconds 
========================================================================
Received Prepare
Registering precompiled user dll's ...
Registered in 0.015947 seconds.
Begin MonoManager ReloadAssembly
Symbol file LoadedFromMemory doesn't match image C:\temp\Unity Projects\FMP\Frank's Toy Store\Library\PackageCache\com.unity.visualscripting@1.6.1\Editor\VisualScripting.Core\Dependencies\YamlDotNet\Unity.VisualScripting.YamlDotNet.dll
Symbol file LoadedFromMemory doesn't match image C:\temp\Unity Projects\FMP\Frank's Toy Store\Library\PackageCache\com.unity.visualscripting@1.6.1\Editor\VisualScripting.Core\Dependencies\DotNetZip\Unity.VisualScripting.IonicZip.dll
Native extension for LinuxStandalone target not found
Native extension for WindowsStandalone target not found
Native extension for OSXStandalone target not found
Native extension for WebGL target not found
Refreshing native plugins compatible for Editor in 0.89 ms, found 3 plugins.
Preloading 0 native plugins for Editor in 0.00 ms.
Mono: successfully reloaded assembly
- Completed reload, in  3.224 seconds
Domain Reload Profiling:
	ReloadAssembly (3236ms)
		BeginReloadAssembly (1374ms)
			ExecutionOrderSort (0ms)
			DisableScriptedObjects (167ms)
			BackupInstance (0ms)
			ReleaseScriptingObjects (1ms)
			CreateAndSetChildDomain (838ms)
		EndReloadAssembly (1746ms)
			LoadAssemblies (210ms)
			RebuildTransferFunctionScriptingTraits (0ms)
			SetupTypeCache (515ms)
			ReleaseScriptCaches (2ms)
			RebuildScriptCaches (51ms)
			SetupLoadedEditorAssemblies (531ms)
				LogAssemblyErrors (0ms)
				InitializePlatformSupportModulesInManaged (16ms)
				SetLoadedEditorAssemblies (2ms)
				RefreshPlugins (1ms)
				BeforeProcessingInitializeOnLoad (76ms)
				ProcessInitializeOnLoadAttributes (421ms)
				ProcessInitializeOnLoadMethodAttributes (6ms)
				AfterProcessingInitializeOnLoad (9ms)
				EditorAssembliesLoaded (2ms)
			ExecutionOrderSort2 (0ms)
			AwakeInstancesAfterBackupRestoration (56ms)
Platform modules already initialized, skipping
Refreshing native plugins compatible for Editor in 0.86 ms, found 3 plugins.
Preloading 0 native plugins for Editor in 0.00 ms.
Unloading 2960 Unused Serialized files (Serialized files now loaded: 0)
System memory in use before: 184.7 MB.
System memory in use after: 184.9 MB.

Unloading 17 unused Assets to reduce memory usage. Loaded Objects now: 3669.
Total: 6.253300 ms (FindLiveObjects: 0.424300 ms CreateObjectMapping: 0.156700 ms MarkObjects: 5.552700 ms  DeleteObjects: 0.117400 ms)

AssetImportParameters requested are different than current active one (requested -> active):
  custom:framework-win-MediaFoundation: 216162199b28c13a410421893ffa2e32 -> 
  custom:video-decoder-ogg-theora: a1e56fd34408186e4bbccfd4996cb3dc -> 
  custom:container-muxer-webm: aa71ff27fc2769a1b78a27578f13a17b -> 
  custom:container-demuxer-webm: 4f35f7cbe854078d1ac9338744f61a02 -> 
  custom:container-demuxer-ogg: 62fdf1f143b41e24485cea50d1cbac27 -> 
  custom:video-encoder-webm-vp8: eb34c28f22e8b96e1ab97ce403110664 -> 
  custom:video-decoder-webm-vp8: 9c59270c3fd7afecdb556c50c9e8de78 -> 
  custom:audio-decoder-ogg-vorbis: bf7c407c2cedff20999df2af8eb42d56 -> 
  custom:audio-encoder-webm-vorbis: bf7c407c2cedff20999df2af8eb42d56 -> 
========================================================================
Received Import Request.
  Time since last request: 346.522083 seconds.
  path: Assets/Scripts/Core/ButtonScript.cs
  artifactKey: Guid(814e4a7cb05a1054682b5494d9323e92) Importer(815301076,1909f56bfc062723c751e8b465ee728b)
Start importing Assets/Scripts/Core/ButtonScript.cs using Guid(814e4a7cb05a1054682b5494d9323e92) Importer(815301076,1909f56bfc062723c751e8b465ee728b)  -> (artifact id: '3167848866b8f1592b48986d4e897c18') in 0.009260 seconds 
========================================================================
Received Prepare
Registering precompiled user dll's ...
Registered in 0.015078 seconds.
Begin MonoManager ReloadAssembly
Symbol file LoadedFromMemory doesn't match image C:\temp\Unity Projects\FMP\Frank's Toy Store\Library\PackageCache\com.unity.visualscripting@1.6.1\Editor\VisualScripting.Core\Dependencies\YamlDotNet\Unity.VisualScripting.YamlDotNet.dll
Symbol file LoadedFromMemory doesn't match image C:\temp\Unity Projects\FMP\Frank's Toy Store\Library\PackageCache\com.unity.visualscripting@1.6.1\Editor\VisualScripting.Core\Dependencies\DotNetZip\Unity.VisualScripting.IonicZip.dll
Native extension for LinuxStandalone target not found
Native extension for WindowsStandalone target not found
Native extension for OSXStandalone target not found
Native extension for WebGL target not found
Refreshing native plugins compatible for Editor in 0.75 ms, found 3 plugins.
Preloading 0 native plugins for Editor in 0.00 ms.
Mono: successfully reloaded assembly
- Completed reload, in  1.386 seconds
Domain Reload Profiling:
	ReloadAssembly (1386ms)
		BeginReloadAssembly (161ms)
			ExecutionOrderSort (0ms)
			DisableScriptedObjects (8ms)
			BackupInstance (0ms)
			ReleaseScriptingObjects (0ms)
			CreateAndSetChildDomain (46ms)
		EndReloadAssembly (1152ms)
			LoadAssemblies (125ms)
			RebuildTransferFunctionScriptingTraits (0ms)
			SetupTypeCache (415ms)
			ReleaseScriptCaches (1ms)
			RebuildScriptCaches (48ms)
			SetupLoadedEditorAssemblies (425ms)
				LogAssemblyErrors (0ms)
				InitializePlatformSupportModulesInManaged (10ms)
				SetLoadedEditorAssemblies (1ms)
				RefreshPlugins (1ms)
				BeforeProcessingInitializeOnLoad (64ms)
				ProcessInitializeOnLoadAttributes (336ms)
				ProcessInitializeOnLoadMethodAttributes (5ms)
				AfterProcessingInitializeOnLoad (8ms)
				EditorAssembliesLoaded (0ms)
			ExecutionOrderSort2 (0ms)
			AwakeInstancesAfterBackupRestoration (27ms)
Platform modules already initialized, skipping
Refreshing native plugins compatible for Editor in 0.59 ms, found 3 plugins.
Preloading 0 native plugins for Editor in 0.00 ms.
Unloading 2946 Unused Serialized files (Serialized files now loaded: 0)
System memory in use before: 184.3 MB.
System memory in use after: 184.5 MB.

Unloading 17 unused Assets to reduce memory usage. Loaded Objects now: 3671.
Total: 4.575900 ms (FindLiveObjects: 0.424600 ms CreateObjectMapping: 0.182800 ms MarkObjects: 3.933100 ms  DeleteObjects: 0.034300 ms)

AssetImportParameters requested are different than current active one (requested -> active):
  custom:framework-win-MediaFoundation: 216162199b28c13a410421893ffa2e32 -> 
  custom:video-decoder-ogg-theora: a1e56fd34408186e4bbccfd4996cb3dc -> 
  custom:container-muxer-webm: aa71ff27fc2769a1b78a27578f13a17b -> 
  custom:container-demuxer-webm: 4f35f7cbe854078d1ac9338744f61a02 -> 
  custom:container-demuxer-ogg: 62fdf1f143b41e24485cea50d1cbac27 -> 
  custom:video-encoder-webm-vp8: eb34c28f22e8b96e1ab97ce403110664 -> 
  custom:video-decoder-webm-vp8: 9c59270c3fd7afecdb556c50c9e8de78 -> 
  custom:audio-decoder-ogg-vorbis: bf7c407c2cedff20999df2af8eb42d56 -> 
  custom:audio-encoder-webm-vorbis: bf7c407c2cedff20999df2af8eb42d56 -> 
========================================================================
Received Import Request.
  Time since last request: 170.096781 seconds.
  path: Assets/Scripts/Core/ButtonScript.cs
  artifactKey: Guid(814e4a7cb05a1054682b5494d9323e92) Importer(815301076,1909f56bfc062723c751e8b465ee728b)
Start importing Assets/Scripts/Core/ButtonScript.cs using Guid(814e4a7cb05a1054682b5494d9323e92) Importer(815301076,1909f56bfc062723c751e8b465ee728b)  -> (artifact id: '39b2ffdda914192024e7bde8c497c0fa') in 0.007118 seconds 
========================================================================
Received Import Request.
  Time since last request: 19.429728 seconds.
  path: Assets/Scripts/Core/PowerScript.cs
  artifactKey: Guid(0b91a9f1eed639c45a7489937a03d5d5) Importer(815301076,1909f56bfc062723c751e8b465ee728b)
Start importing Assets/Scripts/Core/PowerScript.cs using Guid(0b91a9f1eed639c45a7489937a03d5d5) Importer(815301076,1909f56bfc062723c751e8b465ee728b)  -> (artifact id: '128cce97ace8198f86b98cb1cbedc307') in 0.009564 seconds 
========================================================================
Received Prepare
Registering precompiled user dll's ...
Registered in 0.007184 seconds.
Begin MonoManager ReloadAssembly
Symbol file LoadedFromMemory doesn't match image C:\temp\Unity Projects\FMP\Frank's Toy Store\Library\PackageCache\com.unity.visualscripting@1.6.1\Editor\VisualScripting.Core\Dependencies\YamlDotNet\Unity.VisualScripting.YamlDotNet.dll
Symbol file LoadedFromMemory doesn't match image C:\temp\Unity Projects\FMP\Frank's Toy Store\Library\PackageCache\com.unity.visualscripting@1.6.1\Editor\VisualScripting.Core\Dependencies\DotNetZip\Unity.VisualScripting.IonicZip.dll
Native extension for LinuxStandalone target not found
Native extension for WindowsStandalone target not found
Native extension for OSXStandalone target not found
Native extension for WebGL target not found
Refreshing native plugins compatible for Editor in 0.84 ms, found 3 plugins.
Preloading 0 native plugins for Editor in 0.00 ms.
Mono: successfully reloaded assembly
- Completed reload, in  2.213 seconds
Domain Reload Profiling:
	ReloadAssembly (2214ms)
		BeginReloadAssembly (166ms)
			ExecutionOrderSort (0ms)
			DisableScriptedObjects (8ms)
			BackupInstance (0ms)
			ReleaseScriptingObjects (0ms)
			CreateAndSetChildDomain (43ms)
		EndReloadAssembly (1953ms)
			LoadAssemblies (186ms)
			RebuildTransferFunctionScriptingTraits (0ms)
			SetupTypeCache (719ms)
			ReleaseScriptCaches (2ms)
			RebuildScriptCaches (81ms)
			SetupLoadedEditorAssemblies (721ms)
				LogAssemblyErrors (0ms)
				InitializePlatformSupportModulesInManaged (19ms)
				SetLoadedEditorAssemblies (2ms)
				RefreshPlugins (1ms)
				BeforeProcessingInitializeOnLoad (111ms)
				ProcessInitializeOnLoadAttributes (564ms)
				ProcessInitializeOnLoadMethodAttributes (12ms)
				AfterProcessingInitializeOnLoad (12ms)
				EditorAssembliesLoaded (1ms)
			ExecutionOrderSort2 (0ms)
			AwakeInstancesAfterBackupRestoration (39ms)
Platform modules already initialized, skipping
Refreshing native plugins compatible for Editor in 1.00 ms, found 3 plugins.
Preloading 0 native plugins for Editor in 0.00 ms.
Unloading 2946 Unused Serialized files (Serialized files now loaded: 0)
System memory in use before: 184.3 MB.
System memory in use after: 184.5 MB.

Unloading 17 unused Assets to reduce memory usage. Loaded Objects now: 3673.
Total: 9.352000 ms (FindLiveObjects: 1.519600 ms CreateObjectMapping: 1.372000 ms MarkObjects: 6.376700 ms  DeleteObjects: 0.076000 ms)

AssetImportParameters requested are different than current active one (requested -> active):
  custom:framework-win-MediaFoundation: 216162199b28c13a410421893ffa2e32 -> 
  custom:video-decoder-ogg-theora: a1e56fd34408186e4bbccfd4996cb3dc -> 
  custom:container-muxer-webm: aa71ff27fc2769a1b78a27578f13a17b -> 
  custom:container-demuxer-webm: 4f35f7cbe854078d1ac9338744f61a02 -> 
  custom:container-demuxer-ogg: 62fdf1f143b41e24485cea50d1cbac27 -> 
  custom:video-encoder-webm-vp8: eb34c28f22e8b96e1ab97ce403110664 -> 
  custom:video-decoder-webm-vp8: 9c59270c3fd7afecdb556c50c9e8de78 -> 
  custom:audio-decoder-ogg-vorbis: bf7c407c2cedff20999df2af8eb42d56 -> 
  custom:audio-encoder-webm-vorbis: bf7c407c2cedff20999df2af8eb42d56 -> 
========================================================================
Received Import Request.
  Time since last request: 26.001207 seconds.
  path: Assets/Scripts/Core/PowerScript.cs
  artifactKey: Guid(0b91a9f1eed639c45a7489937a03d5d5) Importer(815301076,1909f56bfc062723c751e8b465ee728b)
Start importing Assets/Scripts/Core/PowerScript.cs using Guid(0b91a9f1eed639c45a7489937a03d5d5) Importer(815301076,1909f56bfc062723c751e8b465ee728b)  -> (artifact id: 'a4fc53390614b853a418a0795f6f815c') in 0.014492 seconds 
========================================================================
Received Import Request.
  Time since last request: 397.073277 seconds.
  path: Assets/Scripts/Core/PowerScript.cs
  artifactKey: Guid(0b91a9f1eed639c45a7489937a03d5d5) Importer(815301076,1909f56bfc062723c751e8b465ee728b)
Start importing Assets/Scripts/Core/PowerScript.cs using Guid(0b91a9f1eed639c45a7489937a03d5d5) Importer(815301076,1909f56bfc062723c751e8b465ee728b)  -> (artifact id: '844641a89912e5ce67b20c540c1fe61c') in 0.021411 seconds 
========================================================================
Received Prepare
Registering precompiled user dll's ...
Registered in 0.010348 seconds.
Begin MonoManager ReloadAssembly
Symbol file LoadedFromMemory doesn't match image C:\temp\Unity Projects\FMP\Frank's Toy Store\Library\PackageCache\com.unity.visualscripting@1.6.1\Editor\VisualScripting.Core\Dependencies\YamlDotNet\Unity.VisualScripting.YamlDotNet.dll
Symbol file LoadedFromMemory doesn't match image C:\temp\Unity Projects\FMP\Frank's Toy Store\Library\PackageCache\com.unity.visualscripting@1.6.1\Editor\VisualScripting.Core\Dependencies\DotNetZip\Unity.VisualScripting.IonicZip.dll
Native extension for LinuxStandalone target not found
Native extension for WindowsStandalone target not found
Native extension for OSXStandalone target not found
Native extension for WebGL target not found
Refreshing native plugins compatible for Editor in 0.61 ms, found 3 plugins.
Preloading 0 native plugins for Editor in 0.00 ms.
Mono: successfully reloaded assembly
- Completed reload, in  1.588 seconds
Domain Reload Profiling:
	ReloadAssembly (1588ms)
		BeginReloadAssembly (155ms)
			ExecutionOrderSort (0ms)
			DisableScriptedObjects (10ms)
			BackupInstance (0ms)
			ReleaseScriptingObjects (0ms)
			CreateAndSetChildDomain (44ms)
		EndReloadAssembly (1360ms)
			LoadAssemblies (129ms)
			RebuildTransferFunctionScriptingTraits (0ms)
			SetupTypeCache (495ms)
			ReleaseScriptCaches (3ms)
			RebuildScriptCaches (95ms)
			SetupLoadedEditorAssemblies (440ms)
				LogAssemblyErrors (0ms)
				InitializePlatformSupportModulesInManaged (9ms)
				SetLoadedEditorAssemblies (1ms)
				RefreshPlugins (1ms)
				BeforeProcessingInitializeOnLoad (64ms)
				ProcessInitializeOnLoadAttributes (352ms)
				ProcessInitializeOnLoadMethodAttributes (4ms)
				AfterProcessingInitializeOnLoad (8ms)
				EditorAssembliesLoaded (0ms)
			ExecutionOrderSort2 (0ms)
			AwakeInstancesAfterBackupRestoration (20ms)
Platform modules already initialized, skipping
Refreshing native plugins compatible for Editor in 0.58 ms, found 3 plugins.
Preloading 0 native plugins for Editor in 0.00 ms.
Unloading 2946 Unused Serialized files (Serialized files now loaded: 0)
System memory in use before: 184.3 MB.
System memory in use after: 184.5 MB.

Unloading 17 unused Assets to reduce memory usage. Loaded Objects now: 3675.
Total: 5.514100 ms (FindLiveObjects: 0.542700 ms CreateObjectMapping: 0.293100 ms MarkObjects: 4.656500 ms  DeleteObjects: 0.020600 ms)

AssetImportParameters requested are different than current active one (requested -> active):
  custom:framework-win-MediaFoundation: 216162199b28c13a410421893ffa2e32 -> 
  custom:video-decoder-ogg-theora: a1e56fd34408186e4bbccfd4996cb3dc -> 
  custom:container-muxer-webm: aa71ff27fc2769a1b78a27578f13a17b -> 
  custom:container-demuxer-webm: 4f35f7cbe854078d1ac9338744f61a02 -> 
  custom:container-demuxer-ogg: 62fdf1f143b41e24485cea50d1cbac27 -> 
  custom:video-encoder-webm-vp8: eb34c28f22e8b96e1ab97ce403110664 -> 
  custom:video-decoder-webm-vp8: 9c59270c3fd7afecdb556c50c9e8de78 -> 
  custom:audio-decoder-ogg-vorbis: bf7c407c2cedff20999df2af8eb42d56 -> 
  custom:audio-encoder-webm-vorbis: bf7c407c2cedff20999df2af8eb42d56 -> 
========================================================================
Received Import Request.
  Time since last request: 192.357474 seconds.
  path: Assets/Scripts/Core/PowerScript.cs
  artifactKey: Guid(0b91a9f1eed639c45a7489937a03d5d5) Importer(815301076,1909f56bfc062723c751e8b465ee728b)
Start importing Assets/Scripts/Core/PowerScript.cs using Guid(0b91a9f1eed639c45a7489937a03d5d5) Importer(815301076,1909f56bfc062723c751e8b465ee728b)  -> (artifact id: '7df305f84ccf6fc8cf51db6fa39a4222') in 0.012450 seconds 
========================================================================
Received Prepare
Registering precompiled user dll's ...
Registered in 0.011319 seconds.
Begin MonoManager ReloadAssembly
Symbol file LoadedFromMemory doesn't match image C:\temp\Unity Projects\FMP\Frank's Toy Store\Library\PackageCache\com.unity.visualscripting@1.6.1\Editor\VisualScripting.Core\Dependencies\YamlDotNet\Unity.VisualScripting.YamlDotNet.dll
Symbol file LoadedFromMemory doesn't match image C:\temp\Unity Projects\FMP\Frank's Toy Store\Library\PackageCache\com.unity.visualscripting@1.6.1\Editor\VisualScripting.Core\Dependencies\DotNetZip\Unity.VisualScripting.IonicZip.dll
Native extension for LinuxStandalone target not found
Native extension for WindowsStandalone target not found
Native extension for OSXStandalone target not found
Native extension for WebGL target not found
Refreshing native plugins compatible for Editor in 0.63 ms, found 3 plugins.
Preloading 0 native plugins for Editor in 0.00 ms.
Mono: successfully reloaded assembly
- Completed reload, in  1.562 seconds
Domain Reload Profiling:
	ReloadAssembly (1563ms)
		BeginReloadAssembly (162ms)
			ExecutionOrderSort (0ms)
			DisableScriptedObjects (12ms)
			BackupInstance (0ms)
			ReleaseScriptingObjects (0ms)
			CreateAndSetChildDomain (43ms)
		EndReloadAssembly (1326ms)
			LoadAssemblies (124ms)
			RebuildTransferFunctionScriptingTraits (0ms)
			SetupTypeCache (468ms)
			ReleaseScriptCaches (2ms)
			RebuildScriptCaches (79ms)
			SetupLoadedEditorAssemblies (429ms)
				LogAssemblyErrors (0ms)
				InitializePlatformSupportModulesInManaged (11ms)
				SetLoadedEditorAssemblies (1ms)
				RefreshPlugins (1ms)
				BeforeProcessingInitializeOnLoad (72ms)
				ProcessInitializeOnLoadAttributes (331ms)
				ProcessInitializeOnLoadMethodAttributes (4ms)
				AfterProcessingInitializeOnLoad (8ms)
				EditorAssembliesLoaded (0ms)
			ExecutionOrderSort2 (0ms)
			AwakeInstancesAfterBackupRestoration (18ms)
Platform modules already initialized, skipping
Refreshing native plugins compatible for Editor in 0.62 ms, found 3 plugins.
Preloading 0 native plugins for Editor in 0.00 ms.
Unloading 2946 Unused Serialized files (Serialized files now loaded: 0)
System memory in use before: 184.3 MB.
System memory in use after: 184.6 MB.

Unloading 17 unused Assets to reduce memory usage. Loaded Objects now: 3677.
Total: 4.243300 ms (FindLiveObjects: 0.359300 ms CreateObjectMapping: 0.175600 ms MarkObjects: 3.670800 ms  DeleteObjects: 0.036300 ms)

AssetImportParameters requested are different than current active one (requested -> active):
  custom:framework-win-MediaFoundation: 216162199b28c13a410421893ffa2e32 -> 
  custom:video-decoder-ogg-theora: a1e56fd34408186e4bbccfd4996cb3dc -> 
  custom:container-muxer-webm: aa71ff27fc2769a1b78a27578f13a17b -> 
  custom:container-demuxer-webm: 4f35f7cbe854078d1ac9338744f61a02 -> 
  custom:container-demuxer-ogg: 62fdf1f143b41e24485cea50d1cbac27 -> 
  custom:video-encoder-webm-vp8: eb34c28f22e8b96e1ab97ce403110664 -> 
  custom:video-decoder-webm-vp8: 9c59270c3fd7afecdb556c50c9e8de78 -> 
  custom:audio-decoder-ogg-vorbis: bf7c407c2cedff20999df2af8eb42d56 -> 
  custom:audio-encoder-webm-vorbis: bf7c407c2cedff20999df2af8eb42d56 -> 
========================================================================
Received Prepare
Registering precompiled user dll's ...
Registered in 0.008215 seconds.
Begin MonoManager ReloadAssembly
Symbol file LoadedFromMemory doesn't match image C:\temp\Unity Projects\FMP\Frank's Toy Store\Library\PackageCache\com.unity.visualscripting@1.6.1\Editor\VisualScripting.Core\Dependencies\YamlDotNet\Unity.VisualScripting.YamlDotNet.dll
Symbol file LoadedFromMemory doesn't match image C:\temp\Unity Projects\FMP\Frank's Toy Store\Library\PackageCache\com.unity.visualscripting@1.6.1\Editor\VisualScripting.Core\Dependencies\DotNetZip\Unity.VisualScripting.IonicZip.dll
Native extension for LinuxStandalone target not found
Native extension for WindowsStandalone target not found
Native extension for OSXStandalone target not found
Native extension for WebGL target not found
Refreshing native plugins compatible for Editor in 0.63 ms, found 3 plugins.
Preloading 0 native plugins for Editor in 0.00 ms.
Mono: successfully reloaded assembly
- Completed reload, in  1.409 seconds
Domain Reload Profiling:
	ReloadAssembly (1410ms)
		BeginReloadAssembly (169ms)
			ExecutionOrderSort (0ms)
			DisableScriptedObjects (8ms)
			BackupInstance (0ms)
			ReleaseScriptingObjects (0ms)
			CreateAndSetChildDomain (43ms)
		EndReloadAssembly (1163ms)
			LoadAssemblies (143ms)
			RebuildTransferFunctionScriptingTraits (0ms)
			SetupTypeCache (405ms)
			ReleaseScriptCaches (1ms)
			RebuildScriptCaches (47ms)
			SetupLoadedEditorAssemblies (455ms)
				LogAssemblyErrors (0ms)
				InitializePlatformSupportModulesInManaged (9ms)
				SetLoadedEditorAssemblies (1ms)
				RefreshPlugins (1ms)
				BeforeProcessingInitializeOnLoad (68ms)
				ProcessInitializeOnLoadAttributes (362ms)
				ProcessInitializeOnLoadMethodAttributes (5ms)
				AfterProcessingInitializeOnLoad (9ms)
				EditorAssembliesLoaded (0ms)
			ExecutionOrderSort2 (0ms)
			AwakeInstancesAfterBackupRestoration (21ms)
Platform modules already initialized, skipping
Refreshing native plugins compatible for Editor in 0.60 ms, found 3 plugins.
Preloading 0 native plugins for Editor in 0.00 ms.
Unloading 2946 Unused Serialized files (Serialized files now loaded: 0)
System memory in use before: 184.3 MB.
System memory in use after: 184.6 MB.

Unloading 17 unused Assets to reduce memory usage. Loaded Objects now: 3679.
Total: 5.092800 ms (FindLiveObjects: 0.540100 ms CreateObjectMapping: 0.241000 ms MarkObjects: 4.157200 ms  DeleteObjects: 0.153500 ms)

AssetImportParameters requested are different than current active one (requested -> active):
  custom:framework-win-MediaFoundation: 216162199b28c13a410421893ffa2e32 -> 
  custom:video-decoder-ogg-theora: a1e56fd34408186e4bbccfd4996cb3dc -> 
  custom:container-muxer-webm: aa71ff27fc2769a1b78a27578f13a17b -> 
  custom:container-demuxer-webm: 4f35f7cbe854078d1ac9338744f61a02 -> 
  custom:container-demuxer-ogg: 62fdf1f143b41e24485cea50d1cbac27 -> 
  custom:video-encoder-webm-vp8: eb34c28f22e8b96e1ab97ce403110664 -> 
  custom:video-decoder-webm-vp8: 9c59270c3fd7afecdb556c50c9e8de78 -> 
  custom:audio-decoder-ogg-vorbis: bf7c407c2cedff20999df2af8eb42d56 -> 
  custom:audio-encoder-webm-vorbis: bf7c407c2cedff20999df2af8eb42d56 -> 
========================================================================
Received Import Request.
  Time since last request: 1253.622026 seconds.
  path: Assets/Textures/Beige 2.png
  artifactKey: Guid(c12963c6d61685d4cbd3086584874e87) Importer(815301076,1909f56bfc062723c751e8b465ee728b)
Start importing Assets/Textures/Beige 2.png using Guid(c12963c6d61685d4cbd3086584874e87) Importer(815301076,1909f56bfc062723c751e8b465ee728b)  -> (artifact id: '0bade5179997a543d0293f914e8cef9a') in 0.964607 seconds 
========================================================================
Received Import Request.
  Time since last request: 0.000941 seconds.
  path: Assets/Textures/Table Grey.png
  artifactKey: Guid(42bee73d47cf03f4eb778f891fa53d83) Importer(815301076,1909f56bfc062723c751e8b465ee728b)
Start importing Assets/Textures/Table Grey.png using Guid(42bee73d47cf03f4eb778f891fa53d83) Importer(815301076,1909f56bfc062723c751e8b465ee728b)  -> (artifact id: '17c10609f1d8f61a663e9b6ea158a168') in 0.029008 seconds 
========================================================================
Received Import Request.
  Time since last request: 4.355288 seconds.
  path: Assets/3D Models/Shelves.obj
  artifactKey: Guid(289f600f059997c46918d28f5075b3de) Importer(815301076,1909f56bfc062723c751e8b465ee728b)
Start importing Assets/3D Models/Shelves.obj using Guid(289f600f059997c46918d28f5075b3de) Importer(815301076,1909f56bfc062723c751e8b465ee728b)  -> (artifact id: '4b66336bd41de7878bdc27dbcd901554') in 0.181336 seconds 
========================================================================
Received Import Request.
  Time since last request: 0.000253 seconds.
  path: Assets/3D Models/StrgRm2Table.obj
  artifactKey: Guid(63afd04c03b8a164d94326be486dd12d) Importer(815301076,1909f56bfc062723c751e8b465ee728b)
Start importing Assets/3D Models/StrgRm2Table.obj using Guid(63afd04c03b8a164d94326be486dd12d) Importer(815301076,1909f56bfc062723c751e8b465ee728b)  -> (artifact id: 'caf9e340f757f831c562dac048299da7') in 0.064654 seconds 
========================================================================
Received Import Request.
  Time since last request: 27.262871 seconds.
  path: Assets/Materials/Shelves Diffuse.mat
  artifactKey: Guid(795f1b9c99870594389defef77c74425) Importer(815301076,1909f56bfc062723c751e8b465ee728b)
Start importing Assets/Materials/Shelves Diffuse.mat using Guid(795f1b9c99870594389defef77c74425) Importer(815301076,1909f56bfc062723c751e8b465ee728b)  -> (artifact id: 'c867434b59cfda14392b1893474499f7') in 0.027248 seconds 
========================================================================
Received Import Request.
  Time since last request: 0.000420 seconds.
  path: Assets/Materials/Table Grey.mat
  artifactKey: Guid(bb7cc8b96cd84be45b028a165f0a1a7d) Importer(815301076,1909f56bfc062723c751e8b465ee728b)
Start importing Assets/Materials/Table Grey.mat using Guid(bb7cc8b96cd84be45b028a165f0a1a7d) Importer(815301076,1909f56bfc062723c751e8b465ee728b)  -> (artifact id: '10a36b49d60186fb56aa98f3e9bb9ce2') in 0.022246 seconds 
========================================================================
Received Import Request.
  Time since last request: 0.670881 seconds.
  path: Assets/Materials
  artifactKey: Guid(88b0b5884b50adb45b76914967ea7cf5) Importer(815301076,1909f56bfc062723c751e8b465ee728b)
Start importing Assets/Materials using Guid(88b0b5884b50adb45b76914967ea7cf5) Importer(815301076,1909f56bfc062723c751e8b465ee728b)  -> (artifact id: 'dc5d02a6aef7d172afff09d2cb408d47') in 0.013026 seconds 
========================================================================
Received Import Request.
  Time since last request: 23.908922 seconds.
  path: Assets/Materials/Beige 2.mat
  artifactKey: Guid(89782d75a8ec3bb46889b34e4a483e07) Importer(815301076,1909f56bfc062723c751e8b465ee728b)
Start importing Assets/Materials/Beige 2.mat using Guid(89782d75a8ec3bb46889b34e4a483e07) Importer(815301076,1909f56bfc062723c751e8b465ee728b)  -> (artifact id: 'c4d180362f568d984b672e0e711d79fe') in 0.020201 seconds 
========================================================================
Received Import Request.
  Time since last request: 11.310048 seconds.
  path: Assets/Materials/Models/Beige 2.mat
  artifactKey: Guid(89782d75a8ec3bb46889b34e4a483e07) Importer(815301076,1909f56bfc062723c751e8b465ee728b)
Start importing Assets/Materials/Models/Beige 2.mat using Guid(89782d75a8ec3bb46889b34e4a483e07) Importer(815301076,1909f56bfc062723c751e8b465ee728b)  -> (artifact id: 'e13186ad9d9717fdf1ffae961f7b4a3d') in 0.017054 seconds 
========================================================================
Received Import Request.
  Time since last request: 0.000404 seconds.
  path: Assets/Materials/Models/ToyTexture.mat
  artifactKey: Guid(35a93f03096d7704caf35258dd74d50c) Importer(815301076,1909f56bfc062723c751e8b465ee728b)
Start importing Assets/Materials/Models/ToyTexture.mat using Guid(35a93f03096d7704caf35258dd74d50c) Importer(815301076,1909f56bfc062723c751e8b465ee728b)  -> (artifact id: '7a12892315fc19d3e610b9926c531366') in 0.021346 seconds 
========================================================================
Received Import Request.
  Time since last request: 119.487910 seconds.
  path: Assets/3D Models/StrgRm1Desks.obj
  artifactKey: Guid(615b947e81c0fa2459ef9c95990e48c8) Importer(815301076,1909f56bfc062723c751e8b465ee728b)
Start importing Assets/3D Models/StrgRm1Desks.obj using Guid(615b947e81c0fa2459ef9c95990e48c8) Importer(815301076,1909f56bfc062723c751e8b465ee728b)  -> (artifact id: 'fa8a1d9a58bb8f250ff06cbeacee4843') in 0.055832 seconds 
========================================================================
Received Import Request.
  Time since last request: 11.942234 seconds.
  path: Assets/3D Models/Robots/Bernard/Bernard.fbx
  artifactKey: Guid(c22ebaebbb387bd41b4f32631c32d39d) Importer(815301076,1909f56bfc062723c751e8b465ee728b)
Start importing Assets/3D Models/Robots/Bernard/Bernard.fbx using Guid(c22ebaebbb387bd41b4f32631c32d39d) Importer(815301076,1909f56bfc062723c751e8b465ee728b)  -> (artifact id: '7754815336a869a77f7fd1b17357babd') in 0.302587 seconds 
========================================================================
Received Import Request.
  Time since last request: 2.199529 seconds.
  path: Assets/Materials/3DButtons
  artifactKey: Guid(6682bf115432d544bba5fcb1dad56190) Importer(815301076,1909f56bfc062723c751e8b465ee728b)
Start importing Assets/Materials/3DButtons using Guid(6682bf115432d544bba5fcb1dad56190) Importer(815301076,1909f56bfc062723c751e8b465ee728b)  -> (artifact id: 'ed673af8757d7036a13c5f76dce646f0') in 0.011367 seconds 
========================================================================
Received Import Request.
  Time since last request: 2677.121691 seconds.
  path: ProjectSettings/TagManager.asset
  artifactKey: Guid(00000000000000003000000000000000) Importer(815301076,1909f56bfc062723c751e8b465ee728b)
Start importing ProjectSettings/TagManager.asset using Guid(00000000000000003000000000000000) Importer(815301076,1909f56bfc062723c751e8b465ee728b)  -> (artifact id: '95df672b4aaba54310d34c83eef51bb8') in 0.189331 seconds 
AssetImportWorkerClient::OnTransportError - code=2 error=End of file
